#
# A fatal error has been detected by the Java Runtime Environment:
#
#  EXCEPTION_ACCESS_VIOLATION (0xc0000005) at pc=0x00007ffe5b3bf434, pid=19468, tid=19916
#
# JRE version: OpenJDK Runtime Environment Temurin-21.0.7+6 (21.0.7+6) (build 21.0.7+6-LTS)
# Java VM: OpenJDK 64-Bit Server VM Temurin-21.0.7+6 (21.0.7+6-LTS, mixed mode, sharing, tiered, compressed oops, compressed class ptrs, parallel gc, windows-amd64)
# Problematic frame:
# V  [jvm.dll+0x24f434]
#
# No core dump will be written. Minidumps are not enabled by default on client versions of Windows
#
# If you would like to submit a bug report, please visit:
#   https://github.com/adoptium/adoptium-support/issues
#

---------------  S U M M A R Y ------------

Command Line: --add-modules=ALL-SYSTEM --add-opens=java.base/java.util=ALL-UNNAMED --add-opens=java.base/java.lang=ALL-UNNAMED --add-opens=java.base/sun.nio.fs=ALL-UNNAMED -Declipse.application=org.eclipse.jdt.ls.core.id1 -Dosgi.bundles.defaultStartLevel=4 -Declipse.product=org.eclipse.jdt.ls.core.product -Djava.import.generatesMetadataFilesAtProjectRoot=false -DDetectVMInstallationsJob.disabled=true -Dfile.encoding=utf8 -XX:+UseParallelGC -XX:GCTimeRatio=4 -XX:AdaptiveSizePolicyWeight=90 -Dsun.zip.disableMemoryMapping=true -Xmx2G -Xms100m -Xlog:disable -javaagent:c:\Users\Lucas\.vscode\extensions\redhat.java-1.43.1-win32-x64\lombok\lombok-1.18.39-4050.jar -XX:+HeapDumpOnOutOfMemoryError -XX:HeapDumpPath=c:\Users\Lucas\AppData\Roaming\Code\User\workspaceStorage\2f35cabc306a6e2f80c72c174bcaef54\redhat.java -Daether.dependencyCollector.impl=bf c:\Users\Lucas\.vscode\extensions\redhat.java-1.43.1-win32-x64\server\plugins\org.eclipse.equinox.launcher_1.7.0.v20250519-0528.jar -configuration c:\Users\Lucas\AppData\Roaming\Code\User\globalStorage\redhat.java\1.43.1\config_win -data c:\Users\Lucas\AppData\Roaming\Code\User\workspaceStorage\2f35cabc306a6e2f80c72c174bcaef54\redhat.java\jdt_ws --pipe=\\.\pipe\lsp-8db2542fcd16bcd3564c1a3e0de2175b-sock

Host: AMD Ryzen 5 3600XT 6-Core Processor            , 12 cores, 15G,  Windows 11 , 64 bit Build 26100 (10.0.26100.4484)
Time: Sun Jul 20 09:34:10 2025 Hora oficial do Brasil elapsed time: 13.077424 seconds (0d 0h 0m 13s)

---------------  T H R E A D  ---------------

Current thread (0x000001cd66cf96f0):  JavaThread "C2 CompilerThread2" daemon [_thread_in_native, id=19916, stack(0x0000003f19500000,0x0000003f19600000) (1024K)]


Current CompileTask:
C2:13077 7439       4       org.eclipse.jdt.internal.compiler.util.JrtFileSystem$2::visitFile (72 bytes)

Stack: [0x0000003f19500000,0x0000003f19600000],  sp=0x0000003f195fcb10,  free space=1010k
Native frames: (J=compiled Java code, j=interpreted, Vv=VM code, C=native code)
V  [jvm.dll+0x24f434]
V  [jvm.dll+0x65d182]
V  [jvm.dll+0x65bfef]
V  [jvm.dll+0x247975]
V  [jvm.dll+0x2470cf]
V  [jvm.dll+0x1c760e]
V  [jvm.dll+0x25695a]
V  [jvm.dll+0x254efa]
V  [jvm.dll+0x3f03f6]
V  [jvm.dll+0x851f6b]
V  [jvm.dll+0x6cc7dd]
C  [ucrtbase.dll+0x37b0]
C  [KERNEL32.DLL+0x2e8d7]
C  [ntdll.dll+0x3c34c]


siginfo: EXCEPTION_ACCESS_VIOLATION (0xc0000005), reading address 0x000001c5738bd508


Registers:
RAX=0x000001c5738bd508, RBX=0x0000003f195fcb80, RCX=0x000000000000044d, RDX=0x000001cd678c8340
RSP=0x0000003f195fcb10, RBP=0x0000003f195fcbd0, RSI=0x0000000000000a7f, RDI=0x000001cd67b9f010
R8 =0x0000000000100000, R9 =0x00000000000000e0, R10=0x00007ffe5c080000, R11=0x00007ffe5c091a41
R12=0x0000000000000004, R13=0x000001cd738bd498, R14=0x0000000000000000, R15=0x0000000000000014
RIP=0x00007ffe5b3bf434, EFLAGS=0x0000000000010246

XMM[0]=0x0000000000000000 0x0000000000000000
XMM[1]=0x0000000000000000 0x0000000000000000
XMM[2]=0x0000000000000000 0x0000000000000000
XMM[3]=0x0000000000000000 0x0000000000000000
XMM[4]=0x0000000000000000 0x0000000000000000
XMM[5]=0x0000000000000000 0x0000000000000000
XMM[6]=0x0000000000000000 0x0000000000000000
XMM[7]=0x0000000000000000 0x0000000000000000
XMM[8]=0x0000000000000000 0x0000000000000000
XMM[9]=0x0000000000000000 0x0000000000000000
XMM[10]=0x0000000000000000 0x0000000000000000
XMM[11]=0x0000000000000000 0x0000000000000000
XMM[12]=0x0000000000000000 0x0000000000000000
XMM[13]=0x0000000000000000 0x0000000000000000
XMM[14]=0x0000000000000000 0x0000000000000000
XMM[15]=0x0000000000000000 0x0000000000000000
  MXCSR=0x00001fa0


Register to memory mapping:

RAX=0x000001c5738bd508 is an unknown value
RBX=0x0000003f195fcb80 is pointing into the stack for thread: 0x000001cd66cf96f0
RCX=0x000000000000044d is an unknown value
RDX=0x000001cd678c8340 points into unknown readable memory: 0x05324514a6190220 | 20 02 19 a6 14 45 32 05
RSP=0x0000003f195fcb10 is pointing into the stack for thread: 0x000001cd66cf96f0
RBP=0x0000003f195fcbd0 is pointing into the stack for thread: 0x000001cd66cf96f0
RSI=0x0000000000000a7f is an unknown value
RDI=0x000001cd67b9f010 points into unknown readable memory: 0x00007ffe5bb11f18 | 18 1f b1 5b fe 7f 00 00
R8 =0x0000000000100000 is an unknown value
R9 =0x00000000000000e0 is an unknown value
R10=0x00007ffe5c080000 VCRUNTIME140.dll
R11=0x00007ffe5c091a41 VCRUNTIME140.dll
R12=0x0000000000000004 is an unknown value
R13=0x000001cd738bd498 points into unknown readable memory: 0x00007ffe5bae4718 | 18 47 ae 5b fe 7f 00 00
R14=0x0 is null
R15=0x0000000000000014 is an unknown value

Top of Stack: (sp=0x0000003f195fcb10)
0x0000003f195fcb10:   0000003f195fcb80 0000003f195fcbd0
0x0000003f195fcb20:   0000003f195fe370 0000000000002910
0x0000003f195fcb30:   0000003f195fd000 000001cd66b90730
0x0000003f195fcb40:   000001cd6add4ac8 00000000001f48c8
0x0000003f195fcb50:   0000000000000000 00007ffe5b7cd182
0x0000003f195fcb60:   000000000000044d 0000003f195fcbd0
0x0000003f195fcb70:   000001cd6adccae0 000001cd6add28d8
0x0000003f195fcb80:   000001cd66b90730 000001cd00004000
0x0000003f195fcb90:   000001cd73e27660 000001cd00000a80
0x0000003f195fcba0:   000001cd00000200 000001cd678c82c0
0x0000003f195fcbb0:   000001cd00000200 000001cd66b90730
0x0000003f195fcbc0:   00007ffe00000000 00007ffe5b3b7642
0x0000003f195fcbd0:   0000003f195fe620 000001cd615f6690
0x0000003f195fcbe0:   000001cd68dd0d28 000001cd68233e80
0x0000003f195fcbf0:   000001cd68dd0d28 000001cd69605550
0x0000003f195fcc00:   0000003f195fcc99 00007ffe5b7cbfef
0x0000003f195fcc10:   000001cd6add28d8 000001cd6add4ac8
0x0000003f195fcc20:   00000000001f48c8 0000003f195fd000
0x0000003f195fcc30:   000001cd69605550 0000003f195fe620
0x0000003f195fcc40:   0000000000100000 0000000000000000
0x0000003f195fcc50:   0000000000000000 0000000000000000
0x0000003f195fcc60:   0000000000000000 00007ffe5bbe29b0
0x0000003f195fcc70:   0000000000000000 0000000000000000
0x0000003f195fcc80:   0000000000000000 00007ffe5bbe29b0
0x0000003f195fcc90:   0000000000000000 0000000000000000
0x0000003f195fcca0:   0000003f195fd0a8 0000000000000007
0x0000003f195fccb0:   0000000000000000 000001cd6738d938
0x0000003f195fccc0:   0000c98a881bc4ce 00007ffe5b7c5cbe
0x0000003f195fccd0:   0000000000000000 0000000080000000
0x0000003f195fcce0:   000001cd0576ed70 0000000000000070
0x0000003f195fccf0:   0000003f195fce00 00007ffe5b3b7975
0x0000003f195fcd00:   0000003f195fe370 0000003f195fe370 

Instructions: (pc=0x00007ffe5b3bf434)
0x00007ffe5b3bf334:   00 49 8b 8d a8 07 00 00 48 8b d7 e8 bc 2c e8 ff
0x00007ffe5b3bf344:   41 8b c6 48 f7 d8 4d 8d 3c c7 4c 3b fe 0f 83 19
0x00007ffe5b3bf354:   fe ff ff 4c 8b 74 24 30 4c 8b 64 24 38 48 8b 7c
0x00007ffe5b3bf364:   24 40 48 8b ac 24 80 00 00 00 48 83 c4 48 41 5f
0x00007ffe5b3bf374:   41 5d 5e 5b c3 cc cc cc cc cc cc cc 40 53 56 57
0x00007ffe5b3bf384:   48 83 ec 30 8b b9 50 02 00 00 48 8b da 2b b9 78
0x00007ffe5b3bf394:   02 00 00 48 8b f1 3b 7a 08 72 0a 8b d7 48 8b cb
0x00007ffe5b3bf3a4:   e8 f7 a2 45 00 48 8b 43 10 48 c7 04 f8 00 00 00
0x00007ffe5b3bf3b4:   00 48 8b 96 e0 02 00 00 48 85 d2 74 08 48 8b cb
0x00007ffe5b3bf3c4:   e8 37 2c e8 ff 48 8b 96 e8 02 00 00 48 85 d2 74
0x00007ffe5b3bf3d4:   08 48 8b cb e8 23 2c e8 ff 33 c0 89 44 24 50 39
0x00007ffe5b3bf3e4:   43 18 0f 86 f8 00 00 00 48 89 6c 24 58 4c 89 64
0x00007ffe5b3bf3f4:   24 60 4c 89 6c 24 68 4c 89 74 24 28 4c 89 7c 24
0x00007ffe5b3bf404:   20 66 66 66 0f 1f 84 00 00 00 00 00 8b c8 48 8b
0x00007ffe5b3bf414:   43 10 4c 8b 2c c8 41 8b 45 1c 85 c0 0f 84 92 00
0x00007ffe5b3bf424:   00 00 45 33 f6 44 8b e0 0f 1f 40 00 49 8b 45 08
0x00007ffe5b3bf434:   49 8b 3c 06 48 85 ff 74 6d 40 f6 c7 01 75 67 48
0x00007ffe5b3bf444:   83 3f fe 74 61 44 8b 7f 28 41 8b f7 c1 ee 05 3b
0x00007ffe5b3bf454:   73 20 72 0b 8b d6 48 8d 4b 20 e8 fd 1d 64 00 48
0x00007ffe5b3bf464:   8b 43 28 41 83 e7 1f 48 8d 14 b0 41 0f b6 cf 41
0x00007ffe5b3bf474:   b8 01 00 00 00 41 d3 e0 8b 0a 8b c1 41 0b c0 89
0x00007ffe5b3bf484:   02 41 85 c8 75 20 8b 73 18 8d 46 01 89 43 18 3b
0x00007ffe5b3bf494:   73 08 72 0a 8b d6 48 8b cb e8 fe a1 45 00 48 8b
0x00007ffe5b3bf4a4:   43 10 48 89 3c f0 49 83 c6 08 49 83 ec 01 0f 85
0x00007ffe5b3bf4b4:   78 ff ff ff 8b 44 24 50 ff c0 89 44 24 50 3b 43
0x00007ffe5b3bf4c4:   18 0f 82 45 ff ff ff 4c 8b 7c 24 20 4c 8b 74 24
0x00007ffe5b3bf4d4:   28 4c 8b 6c 24 68 4c 8b 64 24 60 48 8b 6c 24 58
0x00007ffe5b3bf4e4:   48 83 c4 30 5f 5e 5b c3 cc cc cc cc 40 53 48 83
0x00007ffe5b3bf4f4:   ec 20 48 8b 81 f0 02 00 00 48 8b d9 48 85 c0 75
0x00007ffe5b3bf504:   27 e8 56 39 00 00 48 8b d0 48 8b 48 10 48 8b 01
0x00007ffe5b3bf514:   48 3b c2 74 06 83 78 38 02 74 06 48 83 c1 08 eb
0x00007ffe5b3bf524:   ec 48 89 83 f0 02 00 00 48 83 c4 20 5b c3 cc cc 


Stack slot to memory mapping:

stack at sp + 0 slots: 0x0000003f195fcb80 is pointing into the stack for thread: 0x000001cd66cf96f0
stack at sp + 1 slots: 0x0000003f195fcbd0 is pointing into the stack for thread: 0x000001cd66cf96f0
stack at sp + 2 slots: 0x0000003f195fe370 is pointing into the stack for thread: 0x000001cd66cf96f0
stack at sp + 3 slots: 0x0000000000002910 is an unknown value
stack at sp + 4 slots: 0x0000003f195fd000 is pointing into the stack for thread: 0x000001cd66cf96f0
stack at sp + 5 slots: 0x000001cd66b90730 points into unknown readable memory: 0x0000003800020007 | 07 00 02 00 38 00 00 00
stack at sp + 6 slots: 0x000001cd6add4ac8 points into unknown readable memory: 0x08fa5727d673d96a | 6a d9 73 d6 27 57 fa 08
stack at sp + 7 slots: 0x00000000001f48c8 is an unknown value


---------------  P R O C E S S  ---------------

Threads class SMR info:
_java_thread_list=0x000001cd68a37570, length=45, elements={
0x000001cd057692c0, 0x000001cd07b1e850, 0x000001cd61452da0, 0x000001cd61456900,
0x000001cd61457550, 0x000001cd61459700, 0x000001cd6145c660, 0x000001cd61461a90,
0x000001cd61465da0, 0x000001cd6157c1a0, 0x000001cd617f5a10, 0x000001cd66863a00,
0x000001cd66a19b90, 0x000001cd66804090, 0x000001cd6656c9b0, 0x000001cd66cd2db0,
0x000001cd6180d7b0, 0x000001cd66dd9d60, 0x000001cd66cf9020, 0x000001cd66ddb110,
0x000001cd66ddb7a0, 0x000001cd66ddaa80, 0x000001cd66ddcb50, 0x000001cd66ddbe30,
0x000001cd66cf96f0, 0x000001cd66ddc4c0, 0x000001cd66dd96d0, 0x000001cd672a37e0,
0x000001cd672a5f40, 0x000001cd672a2ac0, 0x000001cd672a65d0, 0x000001cd672a58b0,
0x000001cd672a4500, 0x000001cd672a3150, 0x000001cd672a6c60, 0x000001cd672a72f0,
0x000001cd672a3e70, 0x000001cd672a7980, 0x000001cd672a8010, 0x000001cd672a4b90,
0x000001cd672a86a0, 0x000001cd672a5220, 0x000001cd672a93c0, 0x000001cd672a9a50,
0x000001cd672a8d30
}

Java Threads: ( => current thread )
  0x000001cd057692c0 JavaThread "main"                              [_thread_blocked, id=16164, stack(0x0000003f17100000,0x0000003f17200000) (1024K)]
  0x000001cd07b1e850 JavaThread "Reference Handler"          daemon [_thread_blocked, id=19832, stack(0x0000003f17500000,0x0000003f17600000) (1024K)]
  0x000001cd61452da0 JavaThread "Finalizer"                  daemon [_thread_blocked, id=20068, stack(0x0000003f17600000,0x0000003f17700000) (1024K)]
  0x000001cd61456900 JavaThread "Signal Dispatcher"          daemon [_thread_blocked, id=20048, stack(0x0000003f17700000,0x0000003f17800000) (1024K)]
  0x000001cd61457550 JavaThread "Attach Listener"            daemon [_thread_blocked, id=19980, stack(0x0000003f17800000,0x0000003f17900000) (1024K)]
  0x000001cd61459700 JavaThread "Service Thread"             daemon [_thread_blocked, id=19736, stack(0x0000003f17900000,0x0000003f17a00000) (1024K)]
  0x000001cd6145c660 JavaThread "Monitor Deflation Thread"   daemon [_thread_blocked, id=20380, stack(0x0000003f17a00000,0x0000003f17b00000) (1024K)]
  0x000001cd61461a90 JavaThread "C2 CompilerThread0"         daemon [_thread_in_native, id=19492, stack(0x0000003f17b00000,0x0000003f17c00000) (1024K)]
  0x000001cd61465da0 JavaThread "C1 CompilerThread0"         daemon [_thread_blocked, id=20240, stack(0x0000003f17c00000,0x0000003f17d00000) (1024K)]
  0x000001cd6157c1a0 JavaThread "Common-Cleaner"             daemon [_thread_blocked, id=20272, stack(0x0000003f17d00000,0x0000003f17e00000) (1024K)]
  0x000001cd617f5a10 JavaThread "Notification Thread"        daemon [_thread_blocked, id=19812, stack(0x0000003f18000000,0x0000003f18100000) (1024K)]
  0x000001cd66863a00 JavaThread "Active Thread: Equinox Container: b13ce8d5-0886-4687-aa33-cba93666efeb"        [_thread_blocked, id=10008, stack(0x0000003f18700000,0x0000003f18800000) (1024K)]
  0x000001cd66a19b90 JavaThread "Refresh Thread: Equinox Container: b13ce8d5-0886-4687-aa33-cba93666efeb" daemon [_thread_blocked, id=20376, stack(0x0000003f17e00000,0x0000003f17f00000) (1024K)]
  0x000001cd66804090 JavaThread "Framework Event Dispatcher: Equinox Container: b13ce8d5-0886-4687-aa33-cba93666efeb" daemon [_thread_blocked, id=19656, stack(0x0000003f18800000,0x0000003f18900000) (1024K)]
  0x000001cd6656c9b0 JavaThread "Start Level: Equinox Container: b13ce8d5-0886-4687-aa33-cba93666efeb" daemon [_thread_blocked, id=15404, stack(0x0000003f18900000,0x0000003f18a00000) (1024K)]
  0x000001cd66cd2db0 JavaThread "Bundle File Closer"         daemon [_thread_blocked, id=19276, stack(0x0000003f18d00000,0x0000003f18e00000) (1024K)]
  0x000001cd6180d7b0 JavaThread "SCR Component Actor"        daemon [_thread_blocked, id=19788, stack(0x0000003f18a00000,0x0000003f18b00000) (1024K)]
  0x000001cd66dd9d60 JavaThread "SCR Component Registry"     daemon [_thread_blocked, id=19888, stack(0x0000003f18e00000,0x0000003f18f00000) (1024K)]
  0x000001cd66cf9020 JavaThread "C2 CompilerThread1"         daemon [_thread_in_native, id=20388, stack(0x0000003f18f00000,0x0000003f19000000) (1024K)]
  0x000001cd66ddb110 JavaThread "Worker-JM"                         [_thread_blocked, id=4144, stack(0x0000003f19000000,0x0000003f19100000) (1024K)]
  0x000001cd66ddb7a0 JavaThread "JNA Cleaner"                daemon [_thread_blocked, id=19732, stack(0x0000003f19100000,0x0000003f19200000) (1024K)]
  0x000001cd66ddaa80 JavaThread "Worker-0"                          [_thread_blocked, id=2788, stack(0x0000003f19200000,0x0000003f19300000) (1024K)]
  0x000001cd66ddcb50 JavaThread "Worker-1"                          [_thread_blocked, id=20180, stack(0x0000003f19300000,0x0000003f19400000) (1024K)]
  0x000001cd66ddbe30 JavaThread "Java indexing"              daemon [_thread_in_Java, id=12252, stack(0x0000003f19400000,0x0000003f19500000) (1024K)]
=>0x000001cd66cf96f0 JavaThread "C2 CompilerThread2"         daemon [_thread_in_native, id=19916, stack(0x0000003f19500000,0x0000003f19600000) (1024K)]
  0x000001cd66ddc4c0 JavaThread "Worker-2: Building"                [_thread_in_native, id=19224, stack(0x0000003f19900000,0x0000003f19a00000) (1024K)]
  0x000001cd66dd96d0 JavaThread "Worker-3: Java indexing... "        [_thread_blocked, id=18764, stack(0x0000003f19a00000,0x0000003f19b00000) (1024K)]
  0x000001cd672a37e0 JavaThread "Thread-2"                   daemon [_thread_in_native, id=15924, stack(0x0000003f19b00000,0x0000003f19c00000) (1024K)]
  0x000001cd672a5f40 JavaThread "Thread-3"                   daemon [_thread_in_native, id=20020, stack(0x0000003f19c00000,0x0000003f19d00000) (1024K)]
  0x000001cd672a2ac0 JavaThread "Thread-4"                   daemon [_thread_in_native, id=15640, stack(0x0000003f19d00000,0x0000003f19e00000) (1024K)]
  0x000001cd672a65d0 JavaThread "Thread-5"                   daemon [_thread_in_native, id=19536, stack(0x0000003f19e00000,0x0000003f19f00000) (1024K)]
  0x000001cd672a58b0 JavaThread "Thread-6"                   daemon [_thread_in_native, id=14676, stack(0x0000003f19f00000,0x0000003f1a000000) (1024K)]
  0x000001cd672a4500 JavaThread "Thread-7"                   daemon [_thread_in_native, id=20372, stack(0x0000003f1a000000,0x0000003f1a100000) (1024K)]
  0x000001cd672a3150 JavaThread "Thread-8"                   daemon [_thread_in_native, id=19612, stack(0x0000003f1a100000,0x0000003f1a200000) (1024K)]
  0x000001cd672a6c60 JavaThread "Thread-9"                   daemon [_thread_in_native, id=5772, stack(0x0000003f1a200000,0x0000003f1a300000) (1024K)]
  0x000001cd672a72f0 JavaThread "Thread-10"                  daemon [_thread_in_native, id=17948, stack(0x0000003f1a300000,0x0000003f1a400000) (1024K)]
  0x000001cd672a3e70 JavaThread "Thread-11"                  daemon [_thread_in_native, id=20012, stack(0x0000003f1a400000,0x0000003f1a500000) (1024K)]
  0x000001cd672a7980 JavaThread "Thread-12"                  daemon [_thread_in_native, id=20084, stack(0x0000003f1a500000,0x0000003f1a600000) (1024K)]
  0x000001cd672a8010 JavaThread "Thread-13"                  daemon [_thread_in_native, id=1124, stack(0x0000003f1a600000,0x0000003f1a700000) (1024K)]
  0x000001cd672a4b90 JavaThread "Thread-14"                  daemon [_thread_in_native, id=16196, stack(0x0000003f1a700000,0x0000003f1a800000) (1024K)]
  0x000001cd672a86a0 JavaThread "pool-2-thread-1"                   [_thread_blocked, id=20364, stack(0x0000003f1a800000,0x0000003f1a900000) (1024K)]
  0x000001cd672a5220 JavaThread "WorkspaceEventsHandler"            [_thread_blocked, id=19948, stack(0x0000003f1a900000,0x0000003f1aa00000) (1024K)]
  0x000001cd672a93c0 JavaThread "pool-1-thread-1"                   [_thread_blocked, id=19880, stack(0x0000003f1aa00000,0x0000003f1ab00000) (1024K)]
  0x000001cd672a9a50 JavaThread "Worker-4"                          [_thread_blocked, id=1068, stack(0x0000003f1ab00000,0x0000003f1ac00000) (1024K)]
  0x000001cd672a8d30 JavaThread "Worker-5"                          [_thread_blocked, id=20088, stack(0x0000003f1ac00000,0x0000003f1ad00000) (1024K)]
Total: 45

Other Threads:
  0x000001cd07b028c0 VMThread "VM Thread"                           [id=16148, stack(0x0000003f17400000,0x0000003f17500000) (1024K)]
  0x000001cd079fca00 WatcherThread "VM Periodic Task Thread"        [id=19392, stack(0x0000003f17300000,0x0000003f17400000) (1024K)]
  0x000001cd07b8b0b0 WorkerThread "GC Thread#0"                     [id=9052, stack(0x0000003f17200000,0x0000003f17300000) (1024K)]
  0x000001cd6633e340 WorkerThread "GC Thread#1"                     [id=20368, stack(0x0000003f18100000,0x0000003f18200000) (1024K)]
  0x000001cd6633e6e0 WorkerThread "GC Thread#2"                     [id=9516, stack(0x0000003f18200000,0x0000003f18300000) (1024K)]
  0x000001cd667e5130 WorkerThread "GC Thread#3"                     [id=19692, stack(0x0000003f18300000,0x0000003f18400000) (1024K)]
  0x000001cd667e54d0 WorkerThread "GC Thread#4"                     [id=14368, stack(0x0000003f18400000,0x0000003f18500000) (1024K)]
  0x000001cd663059d0 WorkerThread "GC Thread#5"                     [id=19620, stack(0x0000003f18500000,0x0000003f18600000) (1024K)]
  0x000001cd66305d70 WorkerThread "GC Thread#6"                     [id=20036, stack(0x0000003f18600000,0x0000003f18700000) (1024K)]
  0x000001cd66a13280 WorkerThread "GC Thread#7"                     [id=19220, stack(0x0000003f17f00000,0x0000003f18000000) (1024K)]
  0x000001cd66a139c0 WorkerThread "GC Thread#8"                     [id=20428, stack(0x0000003f18b00000,0x0000003f18c00000) (1024K)]
  0x000001cd66a12ee0 WorkerThread "GC Thread#9"                     [id=19992, stack(0x0000003f18c00000,0x0000003f18d00000) (1024K)]
Total: 12

Threads with active compile tasks:
C2 CompilerThread0  13116 7491       4       java.util.TimSort::countRunAndMakeAscending (128 bytes)
C2 CompilerThread1  13116 6028       4       java.io.Reader::read (21 bytes)
C2 CompilerThread2  13116 7439       4       org.eclipse.jdt.internal.compiler.util.JrtFileSystem$2::visitFile (72 bytes)
Total: 3

VM state: not at safepoint (normal execution)

VM Mutex/Monitor currently owned by a thread: None

Heap address: 0x0000000080000000, size: 2048 MB, Compressed Oops mode: 32-bit

CDS archive(s) mapped at: [0x000001cd1f000000-0x000001cd1fba0000-0x000001cd1fba0000), size 12189696, SharedBaseAddress: 0x000001cd1f000000, ArchiveRelocationMode: 1.
Compressed class space mapped at: 0x000001cd20000000-0x000001cd60000000, reserved size: 1073741824
Narrow klass base: 0x000001cd1f000000, Narrow klass shift: 0, Narrow klass range: 0x100000000

GC Precious Log:
 CardTable entry size: 512
 CPUs: 12 total, 12 available
 Memory: 16331M
 Large Page Support: Disabled
 NUMA Support: Disabled
 Compressed Oops: Enabled (32-bit)
 Alignments: Space 512K, Generation 512K, Heap 2M
 Heap Min Capacity: 100M
 Heap Initial Capacity: 100M
 Heap Max Capacity: 2G
 Pre-touch: Disabled
 Parallel Workers: 10

Heap:
 PSYoungGen      total 6144K, used 5530K [0x00000000d5580000, 0x00000000d5d00000, 0x0000000100000000)
  eden space 4608K, 93% used [0x00000000d5580000,0x00000000d59ba250,0x00000000d5a00000)
  from space 1536K, 78% used [0x00000000d5a00000,0x00000000d5b2c890,0x00000000d5b80000)
  to   space 1536K, 0% used [0x00000000d5b80000,0x00000000d5b80000,0x00000000d5d00000)
 ParOldGen       total 172032K, used 172031K [0x0000000080000000, 0x000000008a800000, 0x00000000d5580000)
  object space 172032K, 99% used [0x0000000080000000,0x000000008a7ffd90,0x000000008a800000)
 Metaspace       used 48275K, committed 49600K, reserved 1114112K
  class space    used 5142K, committed 5760K, reserved 1048576K

Card table byte_map: [0x000001cd07510000,0x000001cd07920000] _byte_map_base: 0x000001cd07110000

Marking Bits: (ParMarkBitMap*) 0x00007ffe5be231f0
 Begin Bits: [0x000001cd1a010000, 0x000001cd1c010000)
 End Bits:   [0x000001cd1c010000, 0x000001cd1e010000)

Polling page: 0x000001cd05940000

Metaspace:

Usage:
  Non-class:     42.12 MB used.
      Class:      5.02 MB used.
       Both:     47.14 MB used.

Virtual space:
  Non-class space:       64.00 MB reserved,      42.81 MB ( 67%) committed,  1 nodes.
      Class space:        1.00 GB reserved,       5.62 MB ( <1%) committed,  1 nodes.
             Both:        1.06 GB reserved,      48.44 MB (  4%) committed. 

Chunk freelists:
   Non-Class:  4.98 MB
       Class:  10.37 MB
        Both:  15.35 MB

MaxMetaspaceSize: unlimited
CompressedClassSpaceSize: 1.00 GB
Initial GC threshold: 21.00 MB
Current GC threshold: 58.38 MB
CDS: on
 - commit_granule_bytes: 65536.
 - commit_granule_words: 8192.
 - virtual_space_node_default_size: 8388608.
 - enlarge_chunks_in_place: 1.
 - use_allocation_guard: 0.


Internal statistics:

num_allocs_failed_limit: 6.
num_arena_births: 1004.
num_arena_deaths: 14.
num_vsnodes_births: 2.
num_vsnodes_deaths: 0.
num_space_committed: 775.
num_space_uncommitted: 0.
num_chunks_returned_to_freelist: 20.
num_chunks_taken_from_freelist: 3167.
num_chunk_merges: 10.
num_chunk_splits: 1997.
num_chunks_enlarged: 1170.
num_inconsistent_stats: 0.

CodeHeap 'non-profiled nmethods': size=120000Kb used=3923Kb max_used=3923Kb free=116076Kb
 bounds [0x000001cd12830000, 0x000001cd12c10000, 0x000001cd19d60000]
CodeHeap 'profiled nmethods': size=120000Kb used=13873Kb max_used=13873Kb free=106126Kb
 bounds [0x000001cd0ad60000, 0x000001cd0baf0000, 0x000001cd12290000]
CodeHeap 'non-nmethods': size=5760Kb used=1385Kb max_used=1453Kb free=4374Kb
 bounds [0x000001cd12290000, 0x000001cd12500000, 0x000001cd12830000]
 total_blobs=7554 nmethods=6866 adapters=594
 compilation: enabled
              stopped_count=0, restarted_count=0
 full_count=0

Compilation events (20 events):
Event: 13.068 Thread 0x000001cd66cf9020 nmethod 7478 0x000001cd12bf3a10 code [0x000001cd12bf3ba0, 0x000001cd12bf3c78]
Event: 13.068 Thread 0x000001cd66cf9020 5341       4       java.util.stream.Sink::begin (1 bytes)
Event: 13.069 Thread 0x000001cd66cf9020 nmethod 5341 0x000001cd12bf3d10 code [0x000001cd12bf3ea0, 0x000001cd12bf3f28]
Event: 13.069 Thread 0x000001cd66cf9020 7457       4       org.eclipse.core.internal.jobs.InternalJob::getState (60 bytes)
Event: 13.069 Thread 0x000001cd66cf9020 nmethod 7457 0x000001cd12bf4010 code [0x000001cd12bf41a0, 0x000001cd12bf4278]
Event: 13.069 Thread 0x000001cd66cf9020 6871       4       java.util.concurrent.atomic.AtomicInteger::incrementAndGet (14 bytes)
Event: 13.069 Thread 0x000001cd66cf9020 nmethod 6871 0x000001cd12bf4310 code [0x000001cd12bf44a0, 0x000001cd12bf4538]
Event: 13.070 Thread 0x000001cd66cf9020 7192       4       java.lang.Long::hashCode (8 bytes)
Event: 13.070 Thread 0x000001cd66cf9020 nmethod 7192 0x000001cd12bf4610 code [0x000001cd12bf4780, 0x000001cd12bf47f8]
Event: 13.070 Thread 0x000001cd66cf9020 5891       4       jdk.internal.org.objectweb.asm.MethodWriter::visitCode (1 bytes)
Event: 13.070 Thread 0x000001cd66cf9020 nmethod 5891 0x000001cd12bf4910 code [0x000001cd12bf4aa0, 0x000001cd12bf4b28]
Event: 13.070 Thread 0x000001cd66cf9020 6147       4       org.eclipse.jdt.internal.core.JavaModelManager::getExternalManager (7 bytes)
Event: 13.071 Thread 0x000001cd66cf9020 nmethod 6147 0x000001cd12bf4c10 code [0x000001cd12bf4da0, 0x000001cd12bf4e30]
Event: 13.071 Thread 0x000001cd66cf9020 7480       4       java.nio.MappedByteBuffer::limit (6 bytes)
Event: 13.072 Thread 0x000001cd66cf9020 nmethod 7480 0x000001cd12bf4f10 code [0x000001cd12bf50a0, 0x000001cd12bf51c0]
Event: 13.072 Thread 0x000001cd66cf9020 7482       4       org.eclipse.jdt.internal.compiler.classfmt.MethodInfo::isClinit (8 bytes)
Event: 13.072 Thread 0x000001cd66cf9020 nmethod 7482 0x000001cd12bf5310 code [0x000001cd12bf54a0, 0x000001cd12bf55b0]
Event: 13.072 Thread 0x000001cd66cf9020 7481       4       java.nio.MappedByteBuffer::position (6 bytes)
Event: 13.073 Thread 0x000001cd66cf9020 nmethod 7481 0x000001cd12bf5710 code [0x000001cd12bf58a0, 0x000001cd12bf5998]
Event: 13.073 Thread 0x000001cd66cf9020 7479       4       java.nio.HeapByteBuffer::<init> (23 bytes)

GC Heap History (20 events):
Event: 12.956 GC heap before
{Heap before GC invocations=99 (full 2):
 PSYoungGen      total 6144K, used 5780K [0x00000000d5580000, 0x00000000d5d00000, 0x0000000100000000)
  eden space 4608K, 100% used [0x00000000d5580000,0x00000000d5a00000,0x00000000d5a00000)
  from space 1536K, 76% used [0x00000000d5b80000,0x00000000d5ca5260,0x00000000d5d00000)
  to   space 1536K, 0% used [0x00000000d5a00000,0x00000000d5a00000,0x00000000d5b80000)
 ParOldGen       total 158208K, used 158072K [0x0000000080000000, 0x0000000089a80000, 0x00000000d5580000)
  object space 158208K, 99% used [0x0000000080000000,0x0000000089a5e188,0x0000000089a80000)
 Metaspace       used 48275K, committed 49600K, reserved 1114112K
  class space    used 5142K, committed 5760K, reserved 1048576K
}
Event: 12.958 GC heap after
{Heap after GC invocations=99 (full 2):
 PSYoungGen      total 6144K, used 1167K [0x00000000d5580000, 0x00000000d5d00000, 0x0000000100000000)
  eden space 4608K, 0% used [0x00000000d5580000,0x00000000d5580000,0x00000000d5a00000)
  from space 1536K, 76% used [0x00000000d5a00000,0x00000000d5b23f48,0x00000000d5b80000)
  to   space 1536K, 0% used [0x00000000d5b80000,0x00000000d5b80000,0x00000000d5d00000)
 ParOldGen       total 159232K, used 159129K [0x0000000080000000, 0x0000000089b80000, 0x00000000d5580000)
  object space 159232K, 99% used [0x0000000080000000,0x0000000089b66438,0x0000000089b80000)
 Metaspace       used 48275K, committed 49600K, reserved 1114112K
  class space    used 5142K, committed 5760K, reserved 1048576K
}
Event: 12.966 GC heap before
{Heap before GC invocations=100 (full 2):
 PSYoungGen      total 6144K, used 5775K [0x00000000d5580000, 0x00000000d5d00000, 0x0000000100000000)
  eden space 4608K, 100% used [0x00000000d5580000,0x00000000d5a00000,0x00000000d5a00000)
  from space 1536K, 76% used [0x00000000d5a00000,0x00000000d5b23f48,0x00000000d5b80000)
  to   space 1536K, 0% used [0x00000000d5b80000,0x00000000d5b80000,0x00000000d5d00000)
 ParOldGen       total 159232K, used 159129K [0x0000000080000000, 0x0000000089b80000, 0x00000000d5580000)
  object space 159232K, 99% used [0x0000000080000000,0x0000000089b66438,0x0000000089b80000)
 Metaspace       used 48275K, committed 49600K, reserved 1114112K
  class space    used 5142K, committed 5760K, reserved 1048576K
}
Event: 12.967 GC heap after
{Heap after GC invocations=100 (full 2):
 PSYoungGen      total 6144K, used 1241K [0x00000000d5580000, 0x00000000d5d00000, 0x0000000100000000)
  eden space 4608K, 0% used [0x00000000d5580000,0x00000000d5580000,0x00000000d5a00000)
  from space 1536K, 80% used [0x00000000d5b80000,0x00000000d5cb6568,0x00000000d5d00000)
  to   space 1536K, 0% used [0x00000000d5a00000,0x00000000d5a00000,0x00000000d5b80000)
 ParOldGen       total 160256K, used 160189K [0x0000000080000000, 0x0000000089c80000, 0x00000000d5580000)
  object space 160256K, 99% used [0x0000000080000000,0x0000000089c6f710,0x0000000089c80000)
 Metaspace       used 48275K, committed 49600K, reserved 1114112K
  class space    used 5142K, committed 5760K, reserved 1048576K
}
Event: 12.977 GC heap before
{Heap before GC invocations=101 (full 2):
 PSYoungGen      total 6144K, used 5849K [0x00000000d5580000, 0x00000000d5d00000, 0x0000000100000000)
  eden space 4608K, 100% used [0x00000000d5580000,0x00000000d5a00000,0x00000000d5a00000)
  from space 1536K, 80% used [0x00000000d5b80000,0x00000000d5cb6568,0x00000000d5d00000)
  to   space 1536K, 0% used [0x00000000d5a00000,0x00000000d5a00000,0x00000000d5b80000)
 ParOldGen       total 160256K, used 160189K [0x0000000080000000, 0x0000000089c80000, 0x00000000d5580000)
  object space 160256K, 99% used [0x0000000080000000,0x0000000089c6f710,0x0000000089c80000)
 Metaspace       used 48275K, committed 49600K, reserved 1114112K
  class space    used 5142K, committed 5760K, reserved 1048576K
}
Event: 12.978 GC heap after
{Heap after GC invocations=101 (full 2):
 PSYoungGen      total 6144K, used 1201K [0x00000000d5580000, 0x00000000d5d00000, 0x0000000100000000)
  eden space 4608K, 0% used [0x00000000d5580000,0x00000000d5580000,0x00000000d5a00000)
  from space 1536K, 78% used [0x00000000d5a00000,0x00000000d5b2c440,0x00000000d5b80000)
  to   space 1536K, 0% used [0x00000000d5b80000,0x00000000d5b80000,0x00000000d5d00000)
 ParOldGen       total 161280K, used 161265K [0x0000000080000000, 0x0000000089d80000, 0x00000000d5580000)
  object space 161280K, 99% used [0x0000000080000000,0x0000000089d7c690,0x0000000089d80000)
 Metaspace       used 48275K, committed 49600K, reserved 1114112K
  class space    used 5142K, committed 5760K, reserved 1048576K
}
Event: 12.989 GC heap before
{Heap before GC invocations=102 (full 2):
 PSYoungGen      total 6144K, used 5809K [0x00000000d5580000, 0x00000000d5d00000, 0x0000000100000000)
  eden space 4608K, 100% used [0x00000000d5580000,0x00000000d5a00000,0x00000000d5a00000)
  from space 1536K, 78% used [0x00000000d5a00000,0x00000000d5b2c440,0x00000000d5b80000)
  to   space 1536K, 0% used [0x00000000d5b80000,0x00000000d5b80000,0x00000000d5d00000)
 ParOldGen       total 161280K, used 161265K [0x0000000080000000, 0x0000000089d80000, 0x00000000d5580000)
  object space 161280K, 99% used [0x0000000080000000,0x0000000089d7c690,0x0000000089d80000)
 Metaspace       used 48275K, committed 49600K, reserved 1114112K
  class space    used 5142K, committed 5760K, reserved 1048576K
}
Event: 12.990 GC heap after
{Heap after GC invocations=102 (full 2):
 PSYoungGen      total 6144K, used 1215K [0x00000000d5580000, 0x00000000d5d00000, 0x0000000100000000)
  eden space 4608K, 0% used [0x00000000d5580000,0x00000000d5580000,0x00000000d5a00000)
  from space 1536K, 79% used [0x00000000d5b80000,0x00000000d5cafde8,0x00000000d5d00000)
  to   space 1536K, 0% used [0x00000000d5a00000,0x00000000d5a00000,0x00000000d5b80000)
 ParOldGen       total 162816K, used 162372K [0x0000000080000000, 0x0000000089f00000, 0x00000000d5580000)
  object space 162816K, 99% used [0x0000000080000000,0x0000000089e912b0,0x0000000089f00000)
 Metaspace       used 48275K, committed 49600K, reserved 1114112K
  class space    used 5142K, committed 5760K, reserved 1048576K
}
Event: 12.999 GC heap before
{Heap before GC invocations=103 (full 2):
 PSYoungGen      total 6144K, used 5823K [0x00000000d5580000, 0x00000000d5d00000, 0x0000000100000000)
  eden space 4608K, 100% used [0x00000000d5580000,0x00000000d5a00000,0x00000000d5a00000)
  from space 1536K, 79% used [0x00000000d5b80000,0x00000000d5cafde8,0x00000000d5d00000)
  to   space 1536K, 0% used [0x00000000d5a00000,0x00000000d5a00000,0x00000000d5b80000)
 ParOldGen       total 162816K, used 162372K [0x0000000080000000, 0x0000000089f00000, 0x00000000d5580000)
  object space 162816K, 99% used [0x0000000080000000,0x0000000089e912b0,0x0000000089f00000)
 Metaspace       used 48275K, committed 49600K, reserved 1114112K
  class space    used 5142K, committed 5760K, reserved 1048576K
}
Event: 13.001 GC heap after
{Heap after GC invocations=103 (full 2):
 PSYoungGen      total 6144K, used 1202K [0x00000000d5580000, 0x00000000d5d00000, 0x0000000100000000)
  eden space 4608K, 0% used [0x00000000d5580000,0x00000000d5580000,0x00000000d5a00000)
  from space 1536K, 78% used [0x00000000d5a00000,0x00000000d5b2c9a0,0x00000000d5b80000)
  to   space 1536K, 0% used [0x00000000d5b80000,0x00000000d5b80000,0x00000000d5d00000)
 ParOldGen       total 163840K, used 163464K [0x0000000080000000, 0x000000008a000000, 0x00000000d5580000)
  object space 163840K, 99% used [0x0000000080000000,0x0000000089fa2370,0x000000008a000000)
 Metaspace       used 48275K, committed 49600K, reserved 1114112K
  class space    used 5142K, committed 5760K, reserved 1048576K
}
Event: 13.012 GC heap before
{Heap before GC invocations=104 (full 2):
 PSYoungGen      total 6144K, used 5810K [0x00000000d5580000, 0x00000000d5d00000, 0x0000000100000000)
  eden space 4608K, 100% used [0x00000000d5580000,0x00000000d5a00000,0x00000000d5a00000)
  from space 1536K, 78% used [0x00000000d5a00000,0x00000000d5b2c9a0,0x00000000d5b80000)
  to   space 1536K, 0% used [0x00000000d5b80000,0x00000000d5b80000,0x00000000d5d00000)
 ParOldGen       total 163840K, used 163464K [0x0000000080000000, 0x000000008a000000, 0x00000000d5580000)
  object space 163840K, 99% used [0x0000000080000000,0x0000000089fa2370,0x000000008a000000)
 Metaspace       used 48275K, committed 49600K, reserved 1114112K
  class space    used 5142K, committed 5760K, reserved 1048576K
}
Event: 13.013 GC heap after
{Heap after GC invocations=104 (full 2):
 PSYoungGen      total 6144K, used 1222K [0x00000000d5580000, 0x00000000d5d00000, 0x0000000100000000)
  eden space 4608K, 0% used [0x00000000d5580000,0x00000000d5580000,0x00000000d5a00000)
  from space 1536K, 79% used [0x00000000d5b80000,0x00000000d5cb1b08,0x00000000d5d00000)
  to   space 1536K, 0% used [0x00000000d5a00000,0x00000000d5a00000,0x00000000d5b80000)
 ParOldGen       total 164864K, used 164528K [0x0000000080000000, 0x000000008a100000, 0x00000000d5580000)
  object space 164864K, 99% used [0x0000000080000000,0x000000008a0ac0c0,0x000000008a100000)
 Metaspace       used 48275K, committed 49600K, reserved 1114112K
  class space    used 5142K, committed 5760K, reserved 1048576K
}
Event: 13.024 GC heap before
{Heap before GC invocations=105 (full 2):
 PSYoungGen      total 6144K, used 5830K [0x00000000d5580000, 0x00000000d5d00000, 0x0000000100000000)
  eden space 4608K, 100% used [0x00000000d5580000,0x00000000d5a00000,0x00000000d5a00000)
  from space 1536K, 79% used [0x00000000d5b80000,0x00000000d5cb1b08,0x00000000d5d00000)
  to   space 1536K, 0% used [0x00000000d5a00000,0x00000000d5a00000,0x00000000d5b80000)
 ParOldGen       total 164864K, used 164528K [0x0000000080000000, 0x000000008a100000, 0x00000000d5580000)
  object space 164864K, 99% used [0x0000000080000000,0x000000008a0ac0c0,0x000000008a100000)
 Metaspace       used 48275K, committed 49600K, reserved 1114112K
  class space    used 5142K, committed 5760K, reserved 1048576K
}
Event: 13.026 GC heap after
{Heap after GC invocations=105 (full 2):
 PSYoungGen      total 6144K, used 1204K [0x00000000d5580000, 0x00000000d5d00000, 0x0000000100000000)
  eden space 4608K, 0% used [0x00000000d5580000,0x00000000d5580000,0x00000000d5a00000)
  from space 1536K, 78% used [0x00000000d5a00000,0x00000000d5b2d270,0x00000000d5b80000)
  to   space 1536K, 0% used [0x00000000d5b80000,0x00000000d5b80000,0x00000000d5d00000)
 ParOldGen       total 165888K, used 165594K [0x0000000080000000, 0x000000008a200000, 0x00000000d5580000)
  object space 165888K, 99% used [0x0000000080000000,0x000000008a1b6950,0x000000008a200000)
 Metaspace       used 48275K, committed 49600K, reserved 1114112K
  class space    used 5142K, committed 5760K, reserved 1048576K
}
Event: 13.038 GC heap before
{Heap before GC invocations=106 (full 2):
 PSYoungGen      total 6144K, used 5812K [0x00000000d5580000, 0x00000000d5d00000, 0x0000000100000000)
  eden space 4608K, 100% used [0x00000000d5580000,0x00000000d5a00000,0x00000000d5a00000)
  from space 1536K, 78% used [0x00000000d5a00000,0x00000000d5b2d270,0x00000000d5b80000)
  to   space 1536K, 0% used [0x00000000d5b80000,0x00000000d5b80000,0x00000000d5d00000)
 ParOldGen       total 165888K, used 165594K [0x0000000080000000, 0x000000008a200000, 0x00000000d5580000)
  object space 165888K, 99% used [0x0000000080000000,0x000000008a1b6950,0x000000008a200000)
 Metaspace       used 48275K, committed 49600K, reserved 1114112K
  class space    used 5142K, committed 5760K, reserved 1048576K
}
Event: 13.039 GC heap after
{Heap after GC invocations=106 (full 2):
 PSYoungGen      total 6144K, used 1239K [0x00000000d5580000, 0x00000000d5d00000, 0x0000000100000000)
  eden space 4608K, 0% used [0x00000000d5580000,0x00000000d5580000,0x00000000d5a00000)
  from space 1536K, 80% used [0x00000000d5b80000,0x00000000d5cb5ca8,0x00000000d5d00000)
  to   space 1536K, 0% used [0x00000000d5a00000,0x00000000d5a00000,0x00000000d5b80000)
 ParOldGen       total 166912K, used 166671K [0x0000000080000000, 0x000000008a300000, 0x00000000d5580000)
  object space 166912K, 99% used [0x0000000080000000,0x000000008a2c3dd0,0x000000008a300000)
 Metaspace       used 48275K, committed 49600K, reserved 1114112K
  class space    used 5142K, committed 5760K, reserved 1048576K
}
Event: 13.050 GC heap before
{Heap before GC invocations=107 (full 2):
 PSYoungGen      total 6144K, used 5847K [0x00000000d5580000, 0x00000000d5d00000, 0x0000000100000000)
  eden space 4608K, 100% used [0x00000000d5580000,0x00000000d5a00000,0x00000000d5a00000)
  from space 1536K, 80% used [0x00000000d5b80000,0x00000000d5cb5ca8,0x00000000d5d00000)
  to   space 1536K, 0% used [0x00000000d5a00000,0x00000000d5a00000,0x00000000d5b80000)
 ParOldGen       total 166912K, used 166671K [0x0000000080000000, 0x000000008a300000, 0x00000000d5580000)
  object space 166912K, 99% used [0x0000000080000000,0x000000008a2c3dd0,0x000000008a300000)
 Metaspace       used 48275K, committed 49600K, reserved 1114112K
  class space    used 5142K, committed 5760K, reserved 1048576K
}
Event: 13.051 GC heap after
{Heap after GC invocations=107 (full 2):
 PSYoungGen      total 6144K, used 1281K [0x00000000d5580000, 0x00000000d5d00000, 0x0000000100000000)
  eden space 4608K, 0% used [0x00000000d5580000,0x00000000d5580000,0x00000000d5a00000)
  from space 1536K, 83% used [0x00000000d5a00000,0x00000000d5b404c0,0x00000000d5b80000)
  to   space 1536K, 0% used [0x00000000d5b80000,0x00000000d5b80000,0x00000000d5d00000)
 ParOldGen       total 167936K, used 167751K [0x0000000080000000, 0x000000008a400000, 0x00000000d5580000)
  object space 167936K, 99% used [0x0000000080000000,0x000000008a3d1f38,0x000000008a400000)
 Metaspace       used 48275K, committed 49600K, reserved 1114112K
  class space    used 5142K, committed 5760K, reserved 1048576K
}
Event: 13.062 GC heap before
{Heap before GC invocations=108 (full 2):
 PSYoungGen      total 6144K, used 5889K [0x00000000d5580000, 0x00000000d5d00000, 0x0000000100000000)
  eden space 4608K, 100% used [0x00000000d5580000,0x00000000d5a00000,0x00000000d5a00000)
  from space 1536K, 83% used [0x00000000d5a00000,0x00000000d5b404c0,0x00000000d5b80000)
  to   space 1536K, 0% used [0x00000000d5b80000,0x00000000d5b80000,0x00000000d5d00000)
 ParOldGen       total 167936K, used 167751K [0x0000000080000000, 0x000000008a400000, 0x00000000d5580000)
  object space 167936K, 99% used [0x0000000080000000,0x000000008a3d1f38,0x000000008a400000)
 Metaspace       used 48275K, committed 49600K, reserved 1114112K
  class space    used 5142K, committed 5760K, reserved 1048576K
}
Event: 13.064 GC heap after
{Heap after GC invocations=108 (full 2):
 PSYoungGen      total 6144K, used 1223K [0x00000000d5580000, 0x00000000d5d00000, 0x0000000100000000)
  eden space 4608K, 0% used [0x00000000d5580000,0x00000000d5580000,0x00000000d5a00000)
  from space 1536K, 79% used [0x00000000d5b80000,0x00000000d5cb1fe0,0x00000000d5d00000)
  to   space 1536K, 0% used [0x00000000d5a00000,0x00000000d5a00000,0x00000000d5b80000)
 ParOldGen       total 168960K, used 168871K [0x0000000080000000, 0x000000008a500000, 0x00000000d5580000)
  object space 168960K, 99% used [0x0000000080000000,0x000000008a4e9cf0,0x000000008a500000)
 Metaspace       used 48275K, committed 49600K, reserved 1114112K
  class space    used 5142K, committed 5760K, reserved 1048576K
}

Dll operation events (10 events):
Event: 0.008 Loaded shared library c:\Users\Lucas\.vscode\extensions\redhat.java-1.43.1-win32-x64\jre\21.0.7-win32-x86_64\bin\java.dll
Event: 0.059 Loaded shared library c:\Users\Lucas\.vscode\extensions\redhat.java-1.43.1-win32-x64\jre\21.0.7-win32-x86_64\bin\zip.dll
Event: 0.075 Loaded shared library C:\Users\Lucas\.vscode\extensions\redhat.java-1.43.1-win32-x64\jre\21.0.7-win32-x86_64\bin\instrument.dll
Event: 0.078 Loaded shared library C:\Users\Lucas\.vscode\extensions\redhat.java-1.43.1-win32-x64\jre\21.0.7-win32-x86_64\bin\net.dll
Event: 0.080 Loaded shared library C:\Users\Lucas\.vscode\extensions\redhat.java-1.43.1-win32-x64\jre\21.0.7-win32-x86_64\bin\nio.dll
Event: 0.083 Loaded shared library C:\Users\Lucas\.vscode\extensions\redhat.java-1.43.1-win32-x64\jre\21.0.7-win32-x86_64\bin\zip.dll
Event: 0.098 Loaded shared library C:\Users\Lucas\.vscode\extensions\redhat.java-1.43.1-win32-x64\jre\21.0.7-win32-x86_64\bin\jimage.dll
Event: 0.150 Loaded shared library c:\Users\Lucas\.vscode\extensions\redhat.java-1.43.1-win32-x64\jre\21.0.7-win32-x86_64\bin\verify.dll
Event: 3.551 Loaded shared library C:\Users\Lucas\AppData\Roaming\Code\User\globalStorage\redhat.java\1.43.1\config_win\org.eclipse.equinox.launcher\org.eclipse.equinox.launcher.win32.win32.x86_64_1.2.1300.v20250331-1702\eclipse_11911.dll
Event: 9.772 Loaded shared library C:\Users\Lucas\AppData\Local\Temp\jna-73771404\jna14288396237934842023.dll

Deoptimization events (20 events):
Event: 12.754 Thread 0x000001cd66ddbe30 DEOPT PACKING pc=0x000001cd0b7a85aa sp=0x0000003f194fe840
Event: 12.754 Thread 0x000001cd66ddbe30 DEOPT UNPACKING pc=0x000001cd122e4242 sp=0x0000003f194fddc8 mode 0
Event: 12.758 Thread 0x000001cd66ddbe30 DEOPT PACKING pc=0x000001cd0b7a85aa sp=0x0000003f194fe840
Event: 12.758 Thread 0x000001cd66ddbe30 DEOPT UNPACKING pc=0x000001cd122e4242 sp=0x0000003f194fddc8 mode 0
Event: 12.763 Thread 0x000001cd66ddbe30 DEOPT PACKING pc=0x000001cd0b7a85aa sp=0x0000003f194fe840
Event: 12.763 Thread 0x000001cd66ddbe30 DEOPT UNPACKING pc=0x000001cd122e4242 sp=0x0000003f194fddc8 mode 0
Event: 12.767 Thread 0x000001cd66ddbe30 DEOPT PACKING pc=0x000001cd0b7a85aa sp=0x0000003f194fe840
Event: 12.767 Thread 0x000001cd66ddbe30 DEOPT UNPACKING pc=0x000001cd122e4242 sp=0x0000003f194fddc8 mode 0
Event: 12.772 Thread 0x000001cd66ddbe30 DEOPT PACKING pc=0x000001cd0b7a85aa sp=0x0000003f194fe840
Event: 12.772 Thread 0x000001cd66ddbe30 DEOPT UNPACKING pc=0x000001cd122e4242 sp=0x0000003f194fddc8 mode 0
Event: 12.778 Thread 0x000001cd66ddbe30 DEOPT PACKING pc=0x000001cd0b7a85aa sp=0x0000003f194fe840
Event: 12.778 Thread 0x000001cd66ddbe30 DEOPT UNPACKING pc=0x000001cd122e4242 sp=0x0000003f194fddc8 mode 0
Event: 12.782 Thread 0x000001cd66ddbe30 DEOPT PACKING pc=0x000001cd0b7a85aa sp=0x0000003f194fe840
Event: 12.782 Thread 0x000001cd66ddbe30 DEOPT UNPACKING pc=0x000001cd122e4242 sp=0x0000003f194fddc8 mode 0
Event: 12.787 Thread 0x000001cd66ddbe30 DEOPT PACKING pc=0x000001cd0b7a85aa sp=0x0000003f194fe840
Event: 12.787 Thread 0x000001cd66ddbe30 DEOPT UNPACKING pc=0x000001cd122e4242 sp=0x0000003f194fddc8 mode 0
Event: 12.791 Thread 0x000001cd66ddbe30 DEOPT PACKING pc=0x000001cd0b7a85aa sp=0x0000003f194fe840
Event: 12.791 Thread 0x000001cd66ddbe30 DEOPT UNPACKING pc=0x000001cd122e4242 sp=0x0000003f194fddc8 mode 0
Event: 12.800 Thread 0x000001cd66ddbe30 DEOPT PACKING pc=0x000001cd0b7a85aa sp=0x0000003f194fe840
Event: 12.801 Thread 0x000001cd66ddbe30 DEOPT UNPACKING pc=0x000001cd122e4242 sp=0x0000003f194fddc8 mode 0

Classes loaded (20 events):
Event: 11.973 Loading class java/lang/ExceptionInInitializerError
Event: 11.973 Loading class java/lang/ExceptionInInitializerError done
Event: 11.974 Loading class sun/misc/Unsafe
Event: 11.974 Loading class sun/misc/Unsafe done
Event: 11.998 Loading class jdk/internal/org/objectweb/asm/ClassReader
Event: 11.999 Loading class jdk/internal/org/objectweb/asm/ClassReader done
Event: 12.220 Loading class java/lang/ProcessEnvironment$CheckedKeySet
Event: 12.220 Loading class java/lang/ProcessEnvironment$CheckedKeySet done
Event: 12.265 Loading class java/util/concurrent/CompletableFuture$AltResult
Event: 12.265 Loading class java/util/concurrent/CompletableFuture$AltResult done
Event: 12.265 Loading class java/util/concurrent/CompletableFuture$Completion
Event: 12.265 Loading class java/util/concurrent/CompletableFuture$AsynchronousCompletionTask
Event: 12.265 Loading class java/util/concurrent/CompletableFuture$AsynchronousCompletionTask done
Event: 12.265 Loading class java/util/concurrent/CompletableFuture$Completion done
Event: 12.355 Loading class java/util/regex/Pattern$Pos
Event: 12.355 Loading class java/util/regex/Pattern$Pos done
Event: 12.369 Loading class sun/security/provider/MD5
Event: 12.369 Loading class sun/security/provider/MD5 done
Event: 12.369 Loading class sun/security/provider/ByteArrayAccess$LE
Event: 12.369 Loading class sun/security/provider/ByteArrayAccess$LE done

Classes unloaded (7 events):
Event: 10.101 Thread 0x000001cd07b028c0 Unloading class 0x000001cd201a2800 'java/lang/invoke/LambdaForm$MH+0x000001cd201a2800'
Event: 10.101 Thread 0x000001cd07b028c0 Unloading class 0x000001cd201a2400 'java/lang/invoke/LambdaForm$MH+0x000001cd201a2400'
Event: 10.101 Thread 0x000001cd07b028c0 Unloading class 0x000001cd201a2000 'java/lang/invoke/LambdaForm$MH+0x000001cd201a2000'
Event: 10.101 Thread 0x000001cd07b028c0 Unloading class 0x000001cd201a1c00 'java/lang/invoke/LambdaForm$MH+0x000001cd201a1c00'
Event: 10.101 Thread 0x000001cd07b028c0 Unloading class 0x000001cd201a1800 'java/lang/invoke/LambdaForm$BMH+0x000001cd201a1800'
Event: 10.101 Thread 0x000001cd07b028c0 Unloading class 0x000001cd201a1400 'java/lang/invoke/LambdaForm$DMH+0x000001cd201a1400'
Event: 10.101 Thread 0x000001cd07b028c0 Unloading class 0x000001cd201a0000 'java/lang/invoke/LambdaForm$DMH+0x000001cd201a0000'

Classes redefined (0 events):
No events

Internal exceptions (20 events):
Event: 11.230 Thread 0x000001cd66ddaa80 Exception <a 'java/lang/NoSuchMethodError'{0x00000000d575e4d0}: 'java.lang.Object java.lang.invoke.DirectMethodHandle$Holder.invokeSpecialIFC(java.lang.Object, java.lang.Object, java.lang.Object, java.lang.Object)'> (0x00000000d575e4d0) 
thrown [s\src\hotspot\share\interpreter\linkResolver.cpp, line 773]
Event: 11.458 Thread 0x000001cd66ddbe30 Implicit null exception at 0x000001cd128926da to 0x000001cd128927d8
Event: 11.473 Thread 0x000001cd66ddaa80 Exception <a 'java/lang/NoClassDefFoundError'{0x00000000d60ddf98}: javax/enterprise/inject/Typed> (0x00000000d60ddf98) 
thrown [s\src\hotspot\share\classfile\systemDictionary.cpp, line 301]
Event: 11.535 Thread 0x000001cd66ddcb50 Exception <a 'java/io/FileNotFoundException'{0x00000000d62151d0}> (0x00000000d62151d0) 
thrown [s\src\hotspot\share\prims\jni.cpp, line 520]
Event: 11.535 Thread 0x000001cd66ddcb50 Exception <a 'java/io/FileNotFoundException'{0x00000000d6216210}> (0x00000000d6216210) 
thrown [s\src\hotspot\share\prims\jni.cpp, line 520]
Event: 11.536 Thread 0x000001cd66ddcb50 Exception <a 'java/io/FileNotFoundException'{0x00000000d6216fa0}> (0x00000000d6216fa0) 
thrown [s\src\hotspot\share\prims\jni.cpp, line 520]
Event: 11.553 Thread 0x000001cd66ddc4c0 Exception <a 'sun/nio/fs/WindowsException'{0x00000000d58cbe68}> (0x00000000d58cbe68) 
thrown [s\src\hotspot\share\prims\jni.cpp, line 520]
Event: 11.553 Thread 0x000001cd66ddc4c0 Exception <a 'sun/nio/fs/WindowsException'{0x00000000d58cc8e0}> (0x00000000d58cc8e0) 
thrown [s\src\hotspot\share\prims\jni.cpp, line 520]
Event: 11.580 Thread 0x000001cd672a93c0 Exception <a 'java/io/FileNotFoundException'{0x00000000d647bda0}> (0x00000000d647bda0) 
thrown [s\src\hotspot\share\prims\jni.cpp, line 520]
Event: 11.600 Thread 0x000001cd672a93c0 Exception <a 'java/lang/NoSuchMethodError'{0x00000000d5a38070}: 'java.lang.Object java.lang.invoke.DirectMethodHandle$Holder.invokeStatic(java.lang.Object, int, java.lang.Object, java.lang.Object)'> (0x00000000d5a38070) 
thrown [s\src\hotspot\share\interpreter\linkResolver.cpp, line 773]
Event: 11.601 Thread 0x000001cd672a93c0 Exception <a 'java/lang/NoSuchMethodError'{0x00000000d5a75ff0}: 'java.lang.Object java.lang.invoke.DelegatingMethodHandle$Holder.delegate(java.lang.Object, int, java.lang.Object, java.lang.Object)'> (0x00000000d5a75ff0) 
thrown [s\src\hotspot\share\interpreter\linkResolver.cpp, line 773]
Event: 11.602 Thread 0x000001cd672a93c0 Implicit null exception at 0x000001cd128b6276 to 0x000001cd128b65ac
Event: 11.603 Thread 0x000001cd672a93c0 Exception <a 'java/lang/NoSuchMethodError'{0x00000000d5b13c78}: 'int java.lang.invoke.Invokers$Holder.linkToTargetMethod(java.lang.Object, java.lang.Object, java.lang.Object)'> (0x00000000d5b13c78) 
thrown [s\src\hotspot\share\interpreter\linkResolver.cpp, line 773]
Event: 11.975 Thread 0x000001cd66ddaa80 Exception <a 'java/lang/ExceptionInInitializerError'{0x00000000d5c9ed58}> (0x00000000d5c9ed58) 
thrown [s\src\hotspot\share\oops\instanceKlass.cpp, line 1220]
Event: 12.000 Thread 0x000001cd66ddaa80 Implicit null exception at 0x000001cd12988bfe to 0x000001cd12988e70
Event: 12.000 Thread 0x000001cd66ddaa80 Implicit null exception at 0x000001cd128e451c to 0x000001cd128e5430
Event: 12.002 Thread 0x000001cd66ddaa80 Exception <a 'java/lang/NoSuchMethodError'{0x00000000d5b173d8}: 'java.lang.Object java.lang.invoke.Invokers$Holder.invokeExact_MT(java.lang.Object, int, java.lang.Object)'> (0x00000000d5b173d8) 
thrown [s\src\hotspot\share\interpreter\linkResolver.cpp, line 773]
Event: 12.207 Thread 0x000001cd66ddaa80 Exception <a 'java/lang/NoClassDefFoundError'{0x00000000d5e950e8}: com/google/inject/servlet/ServletModuleTargetVisitor> (0x00000000d5e950e8) 
thrown [s\src\hotspot\share\classfile\systemDictionary.cpp, line 301]
Event: 12.330 Thread 0x000001cd672a93c0 Exception <a 'java/lang/IncompatibleClassChangeError'{0x00000000d58aad38}: Found class java.lang.Object, but interface was expected> (0x00000000d58aad38) 
thrown [s\src\hotspot\share\interpreter\linkResolver.cpp, line 840]
Event: 12.383 Thread 0x000001cd66ddaa80 Exception <a 'java/lang/NoSuchMethodError'{0x00000000d576bff8}: 'int java.lang.invoke.DirectMethodHandle$Holder.invokeSpecialIFC(java.lang.Object, java.lang.Object, java.lang.Object, java.lang.Object)'> (0x00000000d576bff8) 
thrown [s\src\hotspot\share\interpreter\linkResolver.cpp, line 773]

ZGC Phase Switch (0 events):
No events

VM Operations (20 events):
Event: 12.956 Executing VM operation: ParallelGCFailedAllocation (Allocation Failure)
Event: 12.958 Executing VM operation: ParallelGCFailedAllocation (Allocation Failure) done
Event: 12.965 Executing VM operation: ParallelGCFailedAllocation (Allocation Failure)
Event: 12.967 Executing VM operation: ParallelGCFailedAllocation (Allocation Failure) done
Event: 12.977 Executing VM operation: ParallelGCFailedAllocation (Allocation Failure)
Event: 12.978 Executing VM operation: ParallelGCFailedAllocation (Allocation Failure) done
Event: 12.989 Executing VM operation: ParallelGCFailedAllocation (Allocation Failure)
Event: 12.990 Executing VM operation: ParallelGCFailedAllocation (Allocation Failure) done
Event: 12.999 Executing VM operation: ParallelGCFailedAllocation (Allocation Failure)
Event: 13.001 Executing VM operation: ParallelGCFailedAllocation (Allocation Failure) done
Event: 13.012 Executing VM operation: ParallelGCFailedAllocation (Allocation Failure)
Event: 13.013 Executing VM operation: ParallelGCFailedAllocation (Allocation Failure) done
Event: 13.024 Executing VM operation: ParallelGCFailedAllocation (Allocation Failure)
Event: 13.026 Executing VM operation: ParallelGCFailedAllocation (Allocation Failure) done
Event: 13.038 Executing VM operation: ParallelGCFailedAllocation (Allocation Failure)
Event: 13.039 Executing VM operation: ParallelGCFailedAllocation (Allocation Failure) done
Event: 13.050 Executing VM operation: ParallelGCFailedAllocation (Allocation Failure)
Event: 13.051 Executing VM operation: ParallelGCFailedAllocation (Allocation Failure) done
Event: 13.062 Executing VM operation: ParallelGCFailedAllocation (Allocation Failure)
Event: 13.064 Executing VM operation: ParallelGCFailedAllocation (Allocation Failure) done

Memory protections (0 events):
No events

Nmethod flushes (20 events):
Event: 10.996 Thread 0x000001cd07b028c0 flushing  nmethod 0x000001cd0b3bbc90
Event: 10.996 Thread 0x000001cd07b028c0 flushing  nmethod 0x000001cd0b3bd690
Event: 10.996 Thread 0x000001cd07b028c0 flushing  nmethod 0x000001cd0b3bde10
Event: 10.996 Thread 0x000001cd07b028c0 flushing  nmethod 0x000001cd0b3bf390
Event: 10.996 Thread 0x000001cd07b028c0 flushing  nmethod 0x000001cd0b3c0590
Event: 10.996 Thread 0x000001cd07b028c0 flushing  nmethod 0x000001cd0b3c0990
Event: 10.996 Thread 0x000001cd07b028c0 flushing  nmethod 0x000001cd0b3c1210
Event: 10.996 Thread 0x000001cd07b028c0 flushing  nmethod 0x000001cd0b3c3410
Event: 10.996 Thread 0x000001cd07b028c0 flushing  nmethod 0x000001cd0b3cdd10
Event: 10.996 Thread 0x000001cd07b028c0 flushing  nmethod 0x000001cd0b3de090
Event: 10.996 Thread 0x000001cd07b028c0 flushing  nmethod 0x000001cd0b3f9510
Event: 10.996 Thread 0x000001cd07b028c0 flushing  nmethod 0x000001cd0b3fad10
Event: 10.996 Thread 0x000001cd07b028c0 flushing  nmethod 0x000001cd0b40d110
Event: 10.996 Thread 0x000001cd07b028c0 flushing  nmethod 0x000001cd0b43c190
Event: 10.996 Thread 0x000001cd07b028c0 flushing  nmethod 0x000001cd0b486f10
Event: 10.996 Thread 0x000001cd07b028c0 flushing  nmethod 0x000001cd0b487890
Event: 10.996 Thread 0x000001cd07b028c0 flushing  nmethod 0x000001cd0b4a3890
Event: 10.996 Thread 0x000001cd07b028c0 flushing  nmethod 0x000001cd0b4b8f90
Event: 10.996 Thread 0x000001cd07b028c0 flushing  nmethod 0x000001cd0b4b9410
Event: 10.996 Thread 0x000001cd07b028c0 flushing  nmethod 0x000001cd0b4bf790

Events (20 events):
Event: 10.640 Thread 0x000001cd66ddaa80 Thread added: 0x000001cd66ddc4c0
Event: 10.658 Thread 0x000001cd66ddc4c0 Thread added: 0x000001cd66dd96d0
Event: 10.682 Thread 0x000001cd057692c0 Thread added: 0x000001cd672a37e0
Event: 10.682 Thread 0x000001cd057692c0 Thread added: 0x000001cd672a5f40
Event: 10.682 Thread 0x000001cd057692c0 Thread added: 0x000001cd672a2ac0
Event: 10.682 Thread 0x000001cd057692c0 Thread added: 0x000001cd672a65d0
Event: 10.682 Thread 0x000001cd057692c0 Thread added: 0x000001cd672a58b0
Event: 10.682 Thread 0x000001cd057692c0 Thread added: 0x000001cd672a4500
Event: 10.682 Thread 0x000001cd057692c0 Thread added: 0x000001cd672a3150
Event: 10.682 Thread 0x000001cd057692c0 Thread added: 0x000001cd672a6c60
Event: 10.682 Thread 0x000001cd057692c0 Thread added: 0x000001cd672a72f0
Event: 10.683 Thread 0x000001cd057692c0 Thread added: 0x000001cd672a3e70
Event: 10.683 Thread 0x000001cd057692c0 Thread added: 0x000001cd672a7980
Event: 10.683 Thread 0x000001cd057692c0 Thread added: 0x000001cd672a8010
Event: 10.683 Thread 0x000001cd057692c0 Thread added: 0x000001cd672a4b90
Event: 10.702 Thread 0x000001cd057692c0 Thread added: 0x000001cd672a86a0
Event: 10.842 Thread 0x000001cd057692c0 Thread added: 0x000001cd672a5220
Event: 10.842 Thread 0x000001cd057692c0 Thread added: 0x000001cd672a93c0
Event: 10.982 Thread 0x000001cd66ddaa80 Thread added: 0x000001cd672a9a50
Event: 11.568 Thread 0x000001cd672a9a50 Thread added: 0x000001cd672a8d30


Dynamic libraries:
0x00007ff7c0d70000 - 0x00007ff7c0d7e000 	c:\Users\Lucas\.vscode\extensions\redhat.java-1.43.1-win32-x64\jre\21.0.7-win32-x86_64\bin\java.exe
0x00007fff11d80000 - 0x00007fff11fe8000 	C:\WINDOWS\SYSTEM32\ntdll.dll
0x00007fff10ea0000 - 0x00007fff10f69000 	C:\WINDOWS\System32\KERNEL32.DLL
0x00007fff0f380000 - 0x00007fff0f76d000 	C:\WINDOWS\System32\KERNELBASE.dll
0x00007fff0f9d0000 - 0x00007fff0fb1b000 	C:\WINDOWS\System32\ucrtbase.dll
0x00007ffe5c0a0000 - 0x00007ffe5c0b8000 	c:\Users\Lucas\.vscode\extensions\redhat.java-1.43.1-win32-x64\jre\21.0.7-win32-x86_64\bin\jli.dll
0x00007ffe5c080000 - 0x00007ffe5c09e000 	c:\Users\Lucas\.vscode\extensions\redhat.java-1.43.1-win32-x64\jre\21.0.7-win32-x86_64\bin\VCRUNTIME140.dll
0x00007fff10ca0000 - 0x00007fff10e6c000 	C:\WINDOWS\System32\USER32.dll
0x00007fff0f770000 - 0x00007fff0f797000 	C:\WINDOWS\System32\win32u.dll
0x00007fff10e70000 - 0x00007fff10e9b000 	C:\WINDOWS\System32\GDI32.dll
0x00007fff0e030000 - 0x00007fff0e2ca000 	C:\WINDOWS\WinSxS\amd64_microsoft.windows.common-controls_6595b64144ccf1df_6.0.26100.4484_none_3e0e6d4ce32ef3b3\COMCTL32.dll
0x00007fff10b40000 - 0x00007fff10be9000 	C:\WINDOWS\System32\msvcrt.dll
0x00007fff0f180000 - 0x00007fff0f2b7000 	C:\WINDOWS\System32\gdi32full.dll
0x00007fff0f920000 - 0x00007fff0f9c3000 	C:\WINDOWS\System32\msvcp_win.dll
0x00007fff115b0000 - 0x00007fff115df000 	C:\WINDOWS\System32\IMM32.DLL
0x00007ffe93850000 - 0x00007ffe9385c000 	c:\Users\Lucas\.vscode\extensions\redhat.java-1.43.1-win32-x64\jre\21.0.7-win32-x86_64\bin\vcruntime140_1.dll
0x00007ffe5bf00000 - 0x00007ffe5bf8d000 	c:\Users\Lucas\.vscode\extensions\redhat.java-1.43.1-win32-x64\jre\21.0.7-win32-x86_64\bin\msvcp140.dll
0x00007ffe5b170000 - 0x00007ffe5bf00000 	c:\Users\Lucas\.vscode\extensions\redhat.java-1.43.1-win32-x64\jre\21.0.7-win32-x86_64\bin\server\jvm.dll
0x00007fff0fce0000 - 0x00007fff0fd94000 	C:\WINDOWS\System32\ADVAPI32.dll
0x00007fff104f0000 - 0x00007fff10596000 	C:\WINDOWS\System32\sechost.dll
0x00007fff10f70000 - 0x00007fff11088000 	C:\WINDOWS\System32\RPCRT4.dll
0x00007fff10620000 - 0x00007fff10694000 	C:\WINDOWS\System32\WS2_32.dll
0x00007fff0eac0000 - 0x00007fff0eb1e000 	C:\WINDOWS\SYSTEM32\POWRPROF.dll
0x00007fff00770000 - 0x00007fff007a5000 	C:\WINDOWS\SYSTEM32\WINMM.dll
0x00007fff077e0000 - 0x00007fff077eb000 	C:\WINDOWS\SYSTEM32\VERSION.dll
0x00007fff0ea80000 - 0x00007fff0ea94000 	C:\WINDOWS\SYSTEM32\UMPDC.dll
0x00007fff0d2f0000 - 0x00007fff0d30b000 	C:\WINDOWS\SYSTEM32\kernel.appcore.dll
0x00007ffe91090000 - 0x00007ffe9109a000 	c:\Users\Lucas\.vscode\extensions\redhat.java-1.43.1-win32-x64\jre\21.0.7-win32-x86_64\bin\jimage.dll
0x00007fff0e710000 - 0x00007fff0e951000 	C:\WINDOWS\SYSTEM32\DBGHELP.DLL
0x00007fff116e0000 - 0x00007fff11a66000 	C:\WINDOWS\System32\combase.dll
0x00007fff115f0000 - 0x00007fff116d0000 	C:\WINDOWS\System32\OLEAUT32.dll
0x00007fff0e5f0000 - 0x00007fff0e633000 	C:\WINDOWS\SYSTEM32\dbgcore.DLL
0x00007fff0ef60000 - 0x00007fff0eff9000 	C:\WINDOWS\System32\bcryptPrimitives.dll
0x00007ffe8e680000 - 0x00007ffe8e68f000 	c:\Users\Lucas\.vscode\extensions\redhat.java-1.43.1-win32-x64\jre\21.0.7-win32-x86_64\bin\instrument.dll
0x00007ffe5c060000 - 0x00007ffe5c07f000 	c:\Users\Lucas\.vscode\extensions\redhat.java-1.43.1-win32-x64\jre\21.0.7-win32-x86_64\bin\java.dll
0x00007fff0fda0000 - 0x00007fff104ea000 	C:\WINDOWS\System32\SHELL32.dll
0x00007fff0f7a0000 - 0x00007fff0f914000 	C:\WINDOWS\System32\wintypes.dll
0x00007fff0c040000 - 0x00007fff0c89b000 	C:\WINDOWS\SYSTEM32\windows.storage.dll
0x00007fff11a70000 - 0x00007fff11b65000 	C:\WINDOWS\System32\SHCORE.dll
0x00007fff110a0000 - 0x00007fff1110a000 	C:\WINDOWS\System32\shlwapi.dll
0x00007fff0ede0000 - 0x00007fff0ee0f000 	C:\WINDOWS\SYSTEM32\profapi.dll
0x00007ffe5c040000 - 0x00007ffe5c058000 	c:\Users\Lucas\.vscode\extensions\redhat.java-1.43.1-win32-x64\jre\21.0.7-win32-x86_64\bin\zip.dll
0x00007ffe5c030000 - 0x00007ffe5c040000 	C:\Users\Lucas\.vscode\extensions\redhat.java-1.43.1-win32-x64\jre\21.0.7-win32-x86_64\bin\net.dll
0x00007fff07f80000 - 0x00007fff0809e000 	C:\WINDOWS\SYSTEM32\WINHTTP.dll
0x00007fff0d820000 - 0x00007fff0d88a000 	C:\WINDOWS\system32\mswsock.dll
0x00007ffe5c010000 - 0x00007ffe5c026000 	C:\Users\Lucas\.vscode\extensions\redhat.java-1.43.1-win32-x64\jre\21.0.7-win32-x86_64\bin\nio.dll
0x00007ffe5b160000 - 0x00007ffe5b170000 	c:\Users\Lucas\.vscode\extensions\redhat.java-1.43.1-win32-x64\jre\21.0.7-win32-x86_64\bin\verify.dll
0x00007ffe98310000 - 0x00007ffe98355000 	C:\Users\Lucas\AppData\Roaming\Code\User\globalStorage\redhat.java\1.43.1\config_win\org.eclipse.equinox.launcher\org.eclipse.equinox.launcher.win32.win32.x86_64_1.2.1300.v20250331-1702\eclipse_11911.dll
0x00007fff11120000 - 0x00007fff112be000 	C:\WINDOWS\System32\ole32.dll
0x00007fff0eaa0000 - 0x00007fff0eabb000 	C:\WINDOWS\SYSTEM32\CRYPTSP.dll
0x00007fff0dca0000 - 0x00007fff0dcdb000 	C:\WINDOWS\system32\rsaenh.dll
0x00007fff0d890000 - 0x00007fff0d8bb000 	C:\WINDOWS\SYSTEM32\USERENV.dll
0x00007fff0edb0000 - 0x00007fff0edd6000 	C:\WINDOWS\SYSTEM32\bcrypt.dll
0x00007fff0dec0000 - 0x00007fff0decc000 	C:\WINDOWS\SYSTEM32\CRYPTBASE.dll
0x00007fff0cd40000 - 0x00007fff0cd73000 	C:\WINDOWS\SYSTEM32\IPHLPAPI.DLL
0x00007fff0fc50000 - 0x00007fff0fc5a000 	C:\WINDOWS\System32\NSI.dll
0x00007ffe5b0c0000 - 0x00007ffe5b109000 	C:\Users\Lucas\AppData\Local\Temp\jna-73771404\jna14288396237934842023.dll
0x00007fff106a0000 - 0x00007fff106a8000 	C:\WINDOWS\System32\PSAPI.DLL
0x00007fff07f50000 - 0x00007fff07f6f000 	C:\WINDOWS\SYSTEM32\dhcpcsvc6.DLL
0x00007fff07f20000 - 0x00007fff07f45000 	C:\WINDOWS\SYSTEM32\dhcpcsvc.DLL

dbghelp: loaded successfully - version: 4.0.5 - missing functions: none
symbol engine: initialized successfully - sym options: 0x614 - pdb path: .;c:\Users\Lucas\.vscode\extensions\redhat.java-1.43.1-win32-x64\jre\21.0.7-win32-x86_64\bin;C:\WINDOWS\SYSTEM32;C:\WINDOWS\WinSxS\amd64_microsoft.windows.common-controls_6595b64144ccf1df_6.0.26100.4484_none_3e0e6d4ce32ef3b3;c:\Users\Lucas\.vscode\extensions\redhat.java-1.43.1-win32-x64\jre\21.0.7-win32-x86_64\bin\server;C:\Users\Lucas\AppData\Roaming\Code\User\globalStorage\redhat.java\1.43.1\config_win\org.eclipse.equinox.launcher\org.eclipse.equinox.launcher.win32.win32.x86_64_1.2.1300.v20250331-1702;C:\Users\Lucas\AppData\Local\Temp\jna-73771404

VM Arguments:
jvm_args: --add-modules=ALL-SYSTEM --add-opens=java.base/java.util=ALL-UNNAMED --add-opens=java.base/java.lang=ALL-UNNAMED --add-opens=java.base/sun.nio.fs=ALL-UNNAMED -Declipse.application=org.eclipse.jdt.ls.core.id1 -Dosgi.bundles.defaultStartLevel=4 -Declipse.product=org.eclipse.jdt.ls.core.product -Djava.import.generatesMetadataFilesAtProjectRoot=false -DDetectVMInstallationsJob.disabled=true -Dfile.encoding=utf8 -XX:+UseParallelGC -XX:GCTimeRatio=4 -XX:AdaptiveSizePolicyWeight=90 -Dsun.zip.disableMemoryMapping=true -Xmx2G -Xms100m -Xlog:disable -javaagent:c:\Users\Lucas\.vscode\extensions\redhat.java-1.43.1-win32-x64\lombok\lombok-1.18.39-4050.jar -XX:+HeapDumpOnOutOfMemoryError -XX:HeapDumpPath=c:\Users\Lucas\AppData\Roaming\Code\User\workspaceStorage\2f35cabc306a6e2f80c72c174bcaef54\redhat.java -Daether.dependencyCollector.impl=bf 
java_command: c:\Users\Lucas\.vscode\extensions\redhat.java-1.43.1-win32-x64\server\plugins\org.eclipse.equinox.launcher_1.7.0.v20250519-0528.jar -configuration c:\Users\Lucas\AppData\Roaming\Code\User\globalStorage\redhat.java\1.43.1\config_win -data c:\Users\Lucas\AppData\Roaming\Code\User\workspaceStorage\2f35cabc306a6e2f80c72c174bcaef54\redhat.java\jdt_ws --pipe=\\.\pipe\lsp-8db2542fcd16bcd3564c1a3e0de2175b-sock
java_class_path (initial): c:\Users\Lucas\.vscode\extensions\redhat.java-1.43.1-win32-x64\server\plugins\org.eclipse.equinox.launcher_1.7.0.v20250519-0528.jar
Launcher Type: SUN_STANDARD

[Global flags]
    uintx AdaptiveSizePolicyWeight                 = 90                                        {product} {command line}
     intx CICompilerCount                          = 4                                         {product} {ergonomic}
    uintx GCTimeRatio                              = 4                                         {product} {command line}
     bool HeapDumpOnOutOfMemoryError               = true                                   {manageable} {command line}
    ccstr HeapDumpPath                             = c:\Users\Lucas\AppData\Roaming\Code\User\workspaceStorage\2f35cabc306a6e2f80c72c174bcaef54\redhat.java         {manageable} {command line}
   size_t InitialHeapSize                          = 104857600                                 {product} {command line}
   size_t MaxHeapSize                              = 2147483648                                {product} {command line}
   size_t MaxNewSize                               = 715653120                                 {product} {ergonomic}
   size_t MinHeapDeltaBytes                        = 524288                                    {product} {ergonomic}
   size_t MinHeapSize                              = 104857600                                 {product} {command line}
   size_t NewSize                                  = 34603008                                  {product} {ergonomic}
    uintx NonNMethodCodeHeapSize                   = 5839372                                {pd product} {ergonomic}
    uintx NonProfiledCodeHeapSize                  = 122909434                              {pd product} {ergonomic}
   size_t OldSize                                  = 70254592                                  {product} {ergonomic}
    uintx ProfiledCodeHeapSize                     = 122909434                              {pd product} {ergonomic}
    uintx ReservedCodeCacheSize                    = 251658240                              {pd product} {ergonomic}
     bool SegmentedCodeCache                       = true                                      {product} {ergonomic}
   size_t SoftMaxHeapSize                          = 2147483648                             {manageable} {ergonomic}
     bool UseCompressedOops                        = true                           {product lp64_product} {ergonomic}
     bool UseLargePagesIndividualAllocation        = false                                  {pd product} {ergonomic}
     bool UseParallelGC                            = true                                      {product} {command line}

Logging:
Log output configuration:
 #0: stdout all=off uptime,level,tags foldmultilines=false
 #1: stderr all=off uptime,level,tags foldmultilines=false

Environment Variables:
PATH=C:\WINDOWS\system32;C:\WINDOWS;C:\WINDOWS\System32\Wbem;C:\WINDOWS\System32\WindowsPowerShell\v1.0\;C:\WINDOWS\System32\OpenSSH\;C:\Program Files\Docker\Docker\resources\bin;C:\Program Files\Git\cmd;C:\Program Files\NVIDIA Corporation\NVIDIA App\NvDLISR;C:\Program Files (x86)\NVIDIA Corporation\PhysX\Common;C:\Program Files\nodejs\;C:\Users\Lucas\AppData\Local\Programs\Eclipse Adoptium\jdk-21.0.7.6-hotspot\bin;C:\Users\Lucas\AppData\Local\Microsoft\WindowsApps;C:\Users\Lucas\AppData\Local\Programs\Microsoft VS Code\bin;C:\Users\Lucas\AppData\Roaming\npm
USERNAME=Lucas
OS=Windows_NT
PROCESSOR_IDENTIFIER=AMD64 Family 23 Model 113 Stepping 0, AuthenticAMD
TMP=C:\Users\Lucas\AppData\Local\Temp
TEMP=C:\Users\Lucas\AppData\Local\Temp




Periodic native trim disabled

---------------  S Y S T E M  ---------------

OS:
 Windows 11 , 64 bit Build 26100 (10.0.26100.4484)
OS uptime: 0 days 0:03 hours
Hyper-V role detected

CPU: total 12 (initial active 12) (12 cores per cpu, 2 threads per core) family 23 model 113 stepping 0 microcode 0x8701013, cx8, cmov, fxsr, ht, mmx, 3dnowpref, sse, sse2, sse3, ssse3, sse4a, sse4.1, sse4.2, popcnt, lzcnt, tsc, tscinvbit, avx, avx2, aes, clmul, bmi1, bmi2, adx, sha, fma, vzeroupper, clflush, clflushopt, hv, rdtscp, rdpid, f16c
Processor Information for the first 12 processors :
  Max Mhz: 3793, Current Mhz: 3793, Mhz Limit: 3793

Memory: 4k page, system-wide physical 16331M (4924M free)
TotalPageFile size 32663M (AvailPageFile size 18694M)
current process WorkingSet (physical memory assigned to process): 435M, peak: 437M
current process commit charge ("private bytes"): 463M, peak: 468M

vm_info: OpenJDK 64-Bit Server VM (21.0.7+6-LTS) for windows-amd64 JRE (21.0.7+6-LTS), built on 2025-04-15T00:00:00Z by "admin" with MS VC++ 17.7 (VS2022)

END.
