#
# A fatal error has been detected by the Java Runtime Environment:
#
#  EXCEPTION_ACCESS_VIOLATION (0xc0000005) at pc=0x00007ff8c6a4ba31, pid=1476, tid=6992
#
# JRE version: OpenJDK Runtime Environment Temurin-21.0.7+6 (21.0.7+6) (build 21.0.7+6-LTS)
# Java VM: OpenJDK 64-Bit Server VM Temurin-21.0.7+6 (21.0.7+6-LTS, mixed mode, sharing, tiered, compressed oops, compressed class ptrs, parallel gc, windows-amd64)
# Problematic frame:
# V  [jvm.dll+0x3bba31]
#
# No core dump will be written. Minidumps are not enabled by default on client versions of Windows
#
# If you would like to submit a bug report, please visit:
#   https://github.com/adoptium/adoptium-support/issues
#

---------------  S U M M A R Y ------------

Command Line: --add-modules=ALL-SYSTEM --add-opens=java.base/java.util=ALL-UNNAMED --add-opens=java.base/java.lang=ALL-UNNAMED --add-opens=java.base/sun.nio.fs=ALL-UNNAMED -Declipse.application=org.eclipse.jdt.ls.core.id1 -Dosgi.bundles.defaultStartLevel=4 -Declipse.product=org.eclipse.jdt.ls.core.product -Djava.import.generatesMetadataFilesAtProjectRoot=false -DDetectVMInstallationsJob.disabled=true -Dfile.encoding=utf8 -XX:+UseParallelGC -XX:GCTimeRatio=4 -XX:AdaptiveSizePolicyWeight=90 -Dsun.zip.disableMemoryMapping=true -Xmx2G -Xms100m -Xlog:disable -javaagent:c:\Users\Lucas\.vscode\extensions\redhat.java-1.43.1-win32-x64\lombok\lombok-1.18.39-4050.jar -XX:+HeapDumpOnOutOfMemoryError -XX:HeapDumpPath=c:\Users\Lucas\AppData\Roaming\Code\User\workspaceStorage\2f35cabc306a6e2f80c72c174bcaef54\redhat.java -Daether.dependencyCollector.impl=bf c:\Users\Lucas\.vscode\extensions\redhat.java-1.43.1-win32-x64\server\plugins\org.eclipse.equinox.launcher_1.7.0.v20250519-0528.jar -configuration c:\Users\Lucas\AppData\Roaming\Code\User\globalStorage\redhat.java\1.43.1\config_win -data c:\Users\Lucas\AppData\Roaming\Code\User\workspaceStorage\2f35cabc306a6e2f80c72c174bcaef54\redhat.java\jdt_ws --pipe=\\.\pipe\lsp-55a3b6bd3a19dbc57acc6ef1dcbc0ea5-sock

Host: AMD Ryzen 5 3600XT 6-Core Processor            , 12 cores, 15G,  Windows 11 , 64 bit Build 26100 (10.0.26100.4484)
Time: Mon Jul 21 10:42:07 2025 Hora oficial do Brasil elapsed time: 5.220779 seconds (0d 0h 0m 5s)

---------------  T H R E A D  ---------------

Current thread (0x0000023c87558890):  JavaThread "C2 CompilerThread0" daemon [_thread_in_native, id=6992, stack(0x000000b103d00000,0x000000b103e00000) (1024K)]


Current CompileTask:
C2:5220 6608   !   4       org.eclipse.osgi.internal.loader.BundleLoader::findClass0 (491 bytes)

Stack: [0x000000b103d00000,0x000000b103e00000],  sp=0x000000b103dfcd50,  free space=1011k
Native frames: (J=compiled Java code, j=interpreted, Vv=VM code, C=native code)
V  [jvm.dll+0x3bba31]
V  [jvm.dll+0x5d7c66]
V  [jvm.dll+0x1e003f]
V  [jvm.dll+0x247c42]
V  [jvm.dll+0x2470cf]
V  [jvm.dll+0x1c760e]
V  [jvm.dll+0x25695a]
V  [jvm.dll+0x254efa]
V  [jvm.dll+0x3f03f6]
V  [jvm.dll+0x851f6b]
V  [jvm.dll+0x6cc7dd]
C  [ucrtbase.dll+0x37b0]
C  [KERNEL32.DLL+0x2e8d7]
C  [ntdll.dll+0x3c34c]


siginfo: EXCEPTION_ACCESS_VIOLATION (0xc0000005), writing address 0x0000023890189400


Registers:
RAX=0x000000b103dfe7e0, RBX=0x0000023890189400, RCX=0x0000023c90189420, RDX=0x0000000000000004
RSP=0x000000b103dfcd50, RBP=0x0000023c87557270, RSI=0x00000000000000e8, RDI=0x0000023c9a7272c0
R8 =0x0000000000000000, R9 =0x0000023c87541e50, R10=0x000000000000f0a0, R11=0x00007ff8c73263b0
R12=0x0000023c8e5577f0, R13=0x0000023c87541e50, R14=0x0000000000000070, R15=0x0000000000000020
RIP=0x00007ff8c6a4ba31, EFLAGS=0x0000000000010202

XMM[0]=0x0000000000000000 0x0000000000000000
XMM[1]=0x0000000000000000 0x0000000000000000
XMM[2]=0x0000000000000000 0x0000000000000000
XMM[3]=0x0000000000000000 0x0000000000000000
XMM[4]=0x0000000000000000 0x0000000000000000
XMM[5]=0x0000000000000000 0x0000000000000000
XMM[6]=0x0000000000000000 0x0000000000000000
XMM[7]=0x0000000000000000 0x0000000000000000
XMM[8]=0x0000000000000000 0x0000000000000000
XMM[9]=0x0000000000000000 0x0000000000000000
XMM[10]=0x0000000000000000 0x0000000000000000
XMM[11]=0x0000000000000000 0x0000000000000000
XMM[12]=0x0000000000000000 0x0000000000000000
XMM[13]=0x0000000000000000 0x0000000000000000
XMM[14]=0x0000000000000000 0x0000000000000000
XMM[15]=0x0000000000000000 0x0000000000000000
  MXCSR=0x00001fa0


Register to memory mapping:

RAX=0x000000b103dfe7e0 is pointing into the stack for thread: 0x0000023c87558890
RBX=0x0000023890189400 is an unknown value
RCX=0x0000023c90189420 points into unknown readable memory: 0x0000023c9018a920 | 20 a9 18 90 3c 02 00 00
RDX=0x0000000000000004 is an unknown value
RSP=0x000000b103dfcd50 is pointing into the stack for thread: 0x0000023c87558890
RBP=0x0000023c87557270 points into unknown readable memory: 0x0000000000000000 | 00 00 00 00 00 00 00 00
RSI=0x00000000000000e8 is an unknown value
RDI=0x0000023c9a7272c0 points into unknown readable memory: 0x0000001e00000000 | 00 00 00 00 1e 00 00 00
R8 =0x0 is null
R9 =0x0000023c87541e50 points into unknown readable memory: 0x0000023c2dc6b407 | 07 b4 c6 2d 3c 02 00 00
R10=0x000000000000f0a0 is an unknown value
R11=0x00007ff8c73263b0 jvm.dll
R12=0x0000023c8e5577f0 points into unknown readable memory: 0x0000023c9a6fb750 | 50 b7 6f 9a 3c 02 00 00
R13=0x0000023c87541e50 points into unknown readable memory: 0x0000023c2dc6b407 | 07 b4 c6 2d 3c 02 00 00
R14=0x0000000000000070 is an unknown value
R15=0x0000000000000020 is an unknown value

Top of Stack: (sp=0x000000b103dfcd50)
0x000000b103dfcd50:   0000000000001cfa 000000b103dfcfd0
0x000000b103dfcd60:   00000000000005e0 00000000000000bc
0x000000b103dfcd70:   000000000000045f 000000000000045f
0x000000b103dfcd80:   000000b103dfcfd0 00007ff8c6c67c66
0x000000b103dfcd90:   000000000000001d 000000b103dfce29
0x000000b103dfcda0:   0000023c9a7272c0 000000b103dfce29
0x000000b103dfcdb0:   000000b103dfce20 00007ff8c6ca10ba
0x000000b103dfcdc0:   00000000000005e0 0000023c875572e0
0x000000b103dfcdd0:   0000023c00000008 0000023c87541e50
0x000000b103dfcde0:   0000023c8de38fa8 00007ff800000000
0x000000b103dfcdf0:   0000023c9a6fb760 0000023c87541e50
0x000000b103dfce00:   0000023c8e5577f0 0000000000243910
0x000000b103dfce10:   0000023c8e55ca40 0000023c8e55f7d8
0x000000b103dfce20:   0000023c00000040 0000023c8dcc78b0
0x000000b103dfce30:   0000000000000040 0000023c87541e50
0x000000b103dfce40:   0000000000186f90 0000023c8c484520
0x000000b103dfce50:   000000b103dfd3e0 0000000000000001
0x000000b103dfce60:   0000023c8c484530 0000000000000000
0x000000b103dfce70:   0000023c8c484908 000000b103dfd300
0x000000b103dfce80:   000000b103dfcf90 00007ff8c687003f
0x000000b103dfce90:   000000b100000000 000000b100000001
0x000000b103dfcea0:   0000023c8de391b0 0000023c87557290
0x000000b103dfceb0:   0000023c2b741a00 0000000000000070
0x000000b103dfcec0:   00007ff95ae18807 0000023c8c484520
0x000000b103dfced0:   0000023c9ac95300 0000023c9ac95970
0x000000b103dfcee0:   0000023c9ac9d2e8 0000000000743300
0x000000b103dfcef0:   0000023c8c484530 00007ff95acf0139
0x000000b103dfcf00:   0000000000000000 0000000000000000
0x000000b103dfcf10:   000000000000000e 0000023c00000000
0x000000b103dfcf20:   0000000000009dc8 00007ff8c708eee0
0x000000b103dfcf30:   0000000000000000 0000000000000000
0x000000b103dfcf40:   0000000000000000 00007ff8c708eee0 

Instructions: (pc=0x00007ff8c6a4ba31)
0x00007ff8c6a4b931:   18 48 8b 88 60 06 00 00 48 8b 99 80 00 00 00 48
0x00007ff8c6a4b941:   8b 83 d8 08 00 00 48 85 c0 75 0c e8 2f 07 00 00
0x00007ff8c6a4b951:   48 8b 83 d8 08 00 00 48 8b 08 0f 57 c0 48 89 8b
0x00007ff8c6a4b961:   d8 08 00 00 0f 11 00 0f 11 40 10 48 83 c4 20 5b
0x00007ff8c6a4b971:   c3 cc cc cc cc cc cc cc cc cc cc cc cc cc cc 48
0x00007ff8c6a4b981:   89 5c 24 08 57 48 83 ec 20 8b da 48 8b f9 e8 6c
0x00007ff8c6a4b991:   ff ff ff c1 eb 08 3b 5f 04 72 08 44 8d 43 01 44
0x00007ff8c6a4b9a1:   89 47 04 48 8b 4f 08 48 89 04 d9 48 8b 5c 24 30
0x00007ff8c6a4b9b1:   48 83 c4 20 5f c3 cc cc cc cc cc cc cc cc cc 48
0x00007ff8c6a4b9c1:   89 5c 24 08 48 89 6c 24 10 48 89 74 24 18 57 41
0x00007ff8c6a4b9d1:   56 41 57 48 83 ec 20 8b c2 48 8b f9 8b 15 85 27
0x00007ff8c6a4b9e1:   92 00 41 be 70 00 00 00 48 8d 34 c5 00 00 00 00
0x00007ff8c6a4b9f1:   48 8b 41 08 48 8b 1c 06 65 48 8b 04 25 58 00 00
0x00007ff8c6a4ba01:   00 48 8b 2c d0 41 80 3c 2e 00 75 05 e8 6e b6 58
0x00007ff8c6a4ba11:   00 41 bf 20 00 00 00 49 8b 04 2f 48 8b 88 60 06
0x00007ff8c6a4ba21:   00 00 48 8b 81 80 00 00 00 48 8b 88 d8 08 00 00
0x00007ff8c6a4ba31:   48 89 0b 41 80 3c 2e 00 75 05 e8 40 b6 58 00 49
0x00007ff8c6a4ba41:   8b 04 2f 48 8b 6c 24 48 48 8b 88 60 06 00 00 48
0x00007ff8c6a4ba51:   8b 81 80 00 00 00 48 8d 0d 52 a9 8d 00 48 89 98
0x00007ff8c6a4ba61:   d8 08 00 00 48 8b 47 08 48 8b 5c 24 40 48 89 0c
0x00007ff8c6a4ba71:   06 48 8b 74 24 50 48 83 c4 20 41 5f 41 5e 5f c3
0x00007ff8c6a4ba81:   cc cc cc cc cc cc cc cc cc cc cc cc cc cc cc 48
0x00007ff8c6a4ba91:   89 5c 24 10 57 48 83 ec 20 81 c2 ff 00 00 00 33
0x00007ff8c6a4baa1:   db c1 ea 08 48 8b f9 48 89 19 89 91 90 00 00 00
0x00007ff8c6a4bab1:   83 fa 10 77 06 48 83 c1 10 eb 7c 65 48 8b 04 25
0x00007ff8c6a4bac1:   58 00 00 00 8b 0d 9d 26 92 00 48 89 74 24 30 48
0x00007ff8c6a4bad1:   8b 34 c8 b8 70 00 00 00 38 1c 30 75 05 e8 9d b5
0x00007ff8c6a4bae1:   58 00 8b 97 90 00 00 00 b8 20 00 00 00 48 c1 e2
0x00007ff8c6a4baf1:   03 48 8b 04 30 48 8b 74 24 30 48 8b 88 60 06 00
0x00007ff8c6a4bb01:   00 48 8b 81 80 00 00 00 4c 8b 88 d0 08 00 00 49
0x00007ff8c6a4bb11:   8b 49 18 49 8b 41 20 48 2b c1 48 3b c2 72 0a 48
0x00007ff8c6a4bb21:   8d 04 11 49 89 41 18 eb 0e 45 33 c0 49 8b c9 e8 


Stack slot to memory mapping:

stack at sp + 0 slots: 0x0000000000001cfa is an unknown value
stack at sp + 1 slots: 0x000000b103dfcfd0 is pointing into the stack for thread: 0x0000023c87558890
stack at sp + 2 slots: 0x00000000000005e0 is an unknown value
stack at sp + 3 slots: 0x00000000000000bc is an unknown value
stack at sp + 4 slots: 0x000000000000045f is an unknown value
stack at sp + 5 slots: 0x000000000000045f is an unknown value
stack at sp + 6 slots: 0x000000b103dfcfd0 is pointing into the stack for thread: 0x0000023c87558890
stack at sp + 7 slots: 0x00007ff8c6c67c66 jvm.dll


---------------  P R O C E S S  ---------------

Threads class SMR info:
_java_thread_list=0x0000023c8ced43b0, length=66, elements={
0x0000023c2dc6b490, 0x0000023c2dc1d410, 0x0000023c2dc1e570, 0x0000023c875505c0,
0x0000023c8754d140, 0x0000023c8754d7d0, 0x0000023c8754f8a0, 0x0000023c87558890,
0x0000023c8755c460, 0x0000023c8754de60, 0x0000023c87759040, 0x0000023c8754e4f0,
0x0000023c8754eb80, 0x0000023c8754ff30, 0x0000023c8c880db0, 0x0000023c8c881440,
0x0000023c8c882160, 0x0000023c8c881ad0, 0x0000023c8c8827f0, 0x0000023c8c882e80,
0x0000023c8c880090, 0x0000023c8c880720, 0x0000023c8c883ba0, 0x0000023c8d8f6730,
0x0000023c8c887020, 0x0000023c8c884f50, 0x0000023c8c885c70, 0x0000023c8c8855e0,
0x0000023c8c8848c0, 0x0000023c8c886300, 0x0000023c8c8876b0, 0x0000023c8c886990,
0x0000023c8c884230, 0x0000023c8f2361a0, 0x0000023c8f235480, 0x0000023c8f236830,
0x0000023c8f236ec0, 0x0000023c8f235b10, 0x0000023c8f237550, 0x0000023c8f238270,
0x0000023c8f234df0, 0x0000023c8f23a340, 0x0000023c8f238900, 0x0000023c8f238f90,
0x0000023c8f239cb0, 0x0000023c8f23a9d0, 0x0000023c8f23b060, 0x0000023c8f237be0,
0x0000023c8f23b6f0, 0x0000023c8f23bd80, 0x0000023c8f23c410, 0x0000023c903f9e70,
0x0000023c903fd980, 0x0000023c903fb8b0, 0x0000023c903fd2f0, 0x0000023c903fa500,
0x0000023c903fe010, 0x0000023c903fab90, 0x0000023c903fcc60, 0x0000023c903fe6a0,
0x0000023c903fc5d0, 0x0000023c903fb220, 0x0000023c903fed30, 0x0000023c903ff3c0,
0x0000023c903fbf40, 0x0000023c903ffa50
}

Java Threads: ( => current thread )
  0x0000023c2dc6b490 JavaThread "main"                              [_thread_blocked, id=1124, stack(0x000000b103300000,0x000000b103400000) (1024K)]
  0x0000023c2dc1d410 JavaThread "Reference Handler"          daemon [_thread_blocked, id=6160, stack(0x000000b103700000,0x000000b103800000) (1024K)]
  0x0000023c2dc1e570 JavaThread "Finalizer"                  daemon [_thread_blocked, id=18736, stack(0x000000b103800000,0x000000b103900000) (1024K)]
  0x0000023c875505c0 JavaThread "Signal Dispatcher"          daemon [_thread_blocked, id=14016, stack(0x000000b103900000,0x000000b103a00000) (1024K)]
  0x0000023c8754d140 JavaThread "Attach Listener"            daemon [_thread_blocked, id=16984, stack(0x000000b103a00000,0x000000b103b00000) (1024K)]
  0x0000023c8754d7d0 JavaThread "Service Thread"             daemon [_thread_blocked, id=10340, stack(0x000000b103b00000,0x000000b103c00000) (1024K)]
  0x0000023c8754f8a0 JavaThread "Monitor Deflation Thread"   daemon [_thread_blocked, id=11756, stack(0x000000b103c00000,0x000000b103d00000) (1024K)]
=>0x0000023c87558890 JavaThread "C2 CompilerThread0"         daemon [_thread_in_native, id=6992, stack(0x000000b103d00000,0x000000b103e00000) (1024K)]
  0x0000023c8755c460 JavaThread "C1 CompilerThread0"         daemon [_thread_blocked, id=2808, stack(0x000000b103e00000,0x000000b103f00000) (1024K)]
  0x0000023c8754de60 JavaThread "Common-Cleaner"             daemon [_thread_blocked, id=2112, stack(0x000000b103f00000,0x000000b104000000) (1024K)]
  0x0000023c87759040 JavaThread "C2 CompilerThread1"         daemon [_thread_in_native, id=16784, stack(0x000000b104000000,0x000000b104100000) (1024K)]
  0x0000023c8754e4f0 JavaThread "Notification Thread"        daemon [_thread_blocked, id=8732, stack(0x000000b104100000,0x000000b104200000) (1024K)]
  0x0000023c8754eb80 JavaThread "Active Thread: Equinox Container: 39ef47d1-99f9-458c-aedc-30b537a6bff0"        [_thread_blocked, id=6004, stack(0x000000b104900000,0x000000b104a00000) (1024K)]
  0x0000023c8754ff30 JavaThread "Refresh Thread: Equinox Container: 39ef47d1-99f9-458c-aedc-30b537a6bff0" daemon [_thread_blocked, id=4500, stack(0x000000b104b00000,0x000000b104c00000) (1024K)]
  0x0000023c8c880db0 JavaThread "Framework Event Dispatcher: Equinox Container: 39ef47d1-99f9-458c-aedc-30b537a6bff0" daemon [_thread_blocked, id=7276, stack(0x000000b104c00000,0x000000b104d00000) (1024K)]
  0x0000023c8c881440 JavaThread "Start Level: Equinox Container: 39ef47d1-99f9-458c-aedc-30b537a6bff0" daemon [_thread_blocked, id=14560, stack(0x000000b104d00000,0x000000b104e00000) (1024K)]
  0x0000023c8c882160 JavaThread "Bundle File Closer"         daemon [_thread_blocked, id=11300, stack(0x000000b105000000,0x000000b105100000) (1024K)]
  0x0000023c8c881ad0 JavaThread "SCR Component Actor"        daemon [_thread_blocked, id=6984, stack(0x000000b105100000,0x000000b105200000) (1024K)]
  0x0000023c8c8827f0 JavaThread "SCR Component Registry"     daemon [_thread_blocked, id=15704, stack(0x000000b105200000,0x000000b105300000) (1024K)]
  0x0000023c8c882e80 JavaThread "Worker-JM"                         [_thread_blocked, id=4848, stack(0x000000b105300000,0x000000b105400000) (1024K)]
  0x0000023c8c880090 JavaThread "JNA Cleaner"                daemon [_thread_blocked, id=7148, stack(0x000000b104200000,0x000000b104300000) (1024K)]
  0x0000023c8c880720 JavaThread "Worker-0"                          [_thread_blocked, id=15996, stack(0x000000b105400000,0x000000b105500000) (1024K)]
  0x0000023c8c883ba0 JavaThread "Worker-1"                          [_thread_blocked, id=18148, stack(0x000000b105500000,0x000000b105600000) (1024K)]
  0x0000023c8d8f6730 JavaThread "C2 CompilerThread2"         daemon [_thread_in_native, id=1248, stack(0x000000b105600000,0x000000b105700000) (1024K)]
  0x0000023c8c887020 JavaThread "Java indexing"              daemon [_thread_in_Java, id=4804, stack(0x000000b105700000,0x000000b105800000) (1024K)]
  0x0000023c8c884f50 JavaThread "Worker-2"                          [_thread_blocked, id=11740, stack(0x000000b105b00000,0x000000b105c00000) (1024K)]
  0x0000023c8c885c70 JavaThread "Worker-3: Java indexing... "        [_thread_blocked, id=15112, stack(0x000000b105c00000,0x000000b105d00000) (1024K)]
  0x0000023c8c8855e0 JavaThread "Thread-2"                   daemon [_thread_in_native, id=4368, stack(0x000000b105d00000,0x000000b105e00000) (1024K)]
  0x0000023c8c8848c0 JavaThread "Thread-3"                   daemon [_thread_in_native, id=8572, stack(0x000000b105e00000,0x000000b105f00000) (1024K)]
  0x0000023c8c886300 JavaThread "Thread-4"                   daemon [_thread_in_native, id=2880, stack(0x000000b105f00000,0x000000b106000000) (1024K)]
  0x0000023c8c8876b0 JavaThread "Thread-5"                   daemon [_thread_in_native, id=17208, stack(0x000000b106000000,0x000000b106100000) (1024K)]
  0x0000023c8c886990 JavaThread "Thread-6"                   daemon [_thread_in_native, id=4732, stack(0x000000b106100000,0x000000b106200000) (1024K)]
  0x0000023c8c884230 JavaThread "Thread-7"                   daemon [_thread_in_native, id=11304, stack(0x000000b106200000,0x000000b106300000) (1024K)]
  0x0000023c8f2361a0 JavaThread "Thread-8"                   daemon [_thread_in_native, id=8432, stack(0x000000b106300000,0x000000b106400000) (1024K)]
  0x0000023c8f235480 JavaThread "Thread-9"                   daemon [_thread_in_native, id=8956, stack(0x000000b106400000,0x000000b106500000) (1024K)]
  0x0000023c8f236830 JavaThread "Thread-10"                  daemon [_thread_in_native, id=11000, stack(0x000000b106500000,0x000000b106600000) (1024K)]
  0x0000023c8f236ec0 JavaThread "Thread-11"                  daemon [_thread_in_native, id=16068, stack(0x000000b106600000,0x000000b106700000) (1024K)]
  0x0000023c8f235b10 JavaThread "Thread-12"                  daemon [_thread_in_native, id=9908, stack(0x000000b106700000,0x000000b106800000) (1024K)]
  0x0000023c8f237550 JavaThread "Thread-13"                  daemon [_thread_in_native, id=17876, stack(0x000000b106800000,0x000000b106900000) (1024K)]
  0x0000023c8f238270 JavaThread "Thread-14"                  daemon [_thread_in_native, id=7216, stack(0x000000b106900000,0x000000b106a00000) (1024K)]
  0x0000023c8f234df0 JavaThread "pool-2-thread-1"                   [_thread_blocked, id=1824, stack(0x000000b106a00000,0x000000b106b00000) (1024K)]
  0x0000023c8f23a340 JavaThread "WorkspaceEventsHandler"            [_thread_blocked, id=8744, stack(0x000000b106b00000,0x000000b106c00000) (1024K)]
  0x0000023c8f238900 JavaThread "pool-1-thread-1"                   [_thread_blocked, id=16248, stack(0x000000b106c00000,0x000000b106d00000) (1024K)]
  0x0000023c8f238f90 JavaThread "Worker-4: Building"                [_thread_in_vm, id=19880, stack(0x000000b106d00000,0x000000b106e00000) (1024K)]
  0x0000023c8f239cb0 JavaThread "LocalFile Deleter"          daemon [_thread_blocked, id=15960, stack(0x000000b106e00000,0x000000b106f00000) (1024K)]
  0x0000023c8f23a9d0 JavaThread "LocalFile Deleter"          daemon [_thread_blocked, id=1552, stack(0x000000b106f00000,0x000000b107000000) (1024K)]
  0x0000023c8f23b060 JavaThread "LocalFile Deleter"          daemon [_thread_blocked, id=8336, stack(0x000000b107000000,0x000000b107100000) (1024K)]
  0x0000023c8f237be0 JavaThread "LocalFile Deleter"          daemon [_thread_blocked, id=12512, stack(0x000000b107100000,0x000000b107200000) (1024K)]
  0x0000023c8f23b6f0 JavaThread "LocalFile Deleter"          daemon [_thread_blocked, id=2856, stack(0x000000b107200000,0x000000b107300000) (1024K)]
  0x0000023c8f23bd80 JavaThread "LocalFile Deleter"          daemon [_thread_blocked, id=8816, stack(0x000000b107300000,0x000000b107400000) (1024K)]
  0x0000023c8f23c410 JavaThread "LocalFile Deleter"          daemon [_thread_blocked, id=15300, stack(0x000000b107400000,0x000000b107500000) (1024K)]
  0x0000023c903f9e70 JavaThread "LocalFile Deleter"          daemon [_thread_blocked, id=2928, stack(0x000000b107500000,0x000000b107600000) (1024K)]
  0x0000023c903fd980 JavaThread "LocalFile Deleter"          daemon [_thread_blocked, id=13148, stack(0x000000b107600000,0x000000b107700000) (1024K)]
  0x0000023c903fb8b0 JavaThread "LocalFile Deleter"          daemon [_thread_blocked, id=5680, stack(0x000000b107700000,0x000000b107800000) (1024K)]
  0x0000023c903fd2f0 JavaThread "LocalFile Deleter"          daemon [_thread_blocked, id=18140, stack(0x000000b107800000,0x000000b107900000) (1024K)]
  0x0000023c903fa500 JavaThread "LocalFile Deleter"          daemon [_thread_blocked, id=19580, stack(0x000000b107900000,0x000000b107a00000) (1024K)]
  0x0000023c903fe010 JavaThread "Compiler Source File Reader" daemon [_thread_blocked, id=17072, stack(0x000000b107a00000,0x000000b107b00000) (1024K)]
  0x0000023c903fab90 JavaThread "Compiler Source File Reader" daemon [_thread_blocked, id=18508, stack(0x000000b107b00000,0x000000b107c00000) (1024K)]
  0x0000023c903fcc60 JavaThread "Compiler Source File Reader" daemon [_thread_blocked, id=11660, stack(0x000000b107c00000,0x000000b107d00000) (1024K)]
  0x0000023c903fe6a0 JavaThread "Compiler Source File Reader" daemon [_thread_blocked, id=18348, stack(0x000000b107d00000,0x000000b107e00000) (1024K)]
  0x0000023c903fc5d0 JavaThread "Compiler Source File Reader" daemon [_thread_blocked, id=11688, stack(0x000000b107e00000,0x000000b107f00000) (1024K)]
  0x0000023c903fb220 JavaThread "Compiler Source File Reader" daemon [_thread_blocked, id=1400, stack(0x000000b107f00000,0x000000b108000000) (1024K)]
  0x0000023c903fed30 JavaThread "Compiler Source File Reader" daemon [_thread_blocked, id=5392, stack(0x000000b108000000,0x000000b108100000) (1024K)]
  0x0000023c903ff3c0 JavaThread "Compiler Source File Reader" daemon [_thread_blocked, id=10928, stack(0x000000b108100000,0x000000b108200000) (1024K)]
  0x0000023c903fbf40 JavaThread "Compiler Source File Reader" daemon [_thread_blocked, id=11368, stack(0x000000b108200000,0x000000b108300000) (1024K)]
  0x0000023c903ffa50 JavaThread "Compiler Source File Reader" daemon [_thread_blocked, id=10736, stack(0x000000b108300000,0x000000b108400000) (1024K)]
Total: 66

Other Threads:
  0x0000023c2dc04530 VMThread "VM Thread"                           [id=7320, stack(0x000000b103600000,0x000000b103700000) (1024K)]
  0x0000023c2dafca00 WatcherThread "VM Periodic Task Thread"        [id=7928, stack(0x000000b103500000,0x000000b103600000) (1024K)]
  0x0000023c2dc89550 WorkerThread "GC Thread#0"                     [id=7060, stack(0x000000b103400000,0x000000b103500000) (1024K)]
  0x0000023c8c710ed0 WorkerThread "GC Thread#1"                     [id=8620, stack(0x000000b104300000,0x000000b104400000) (1024K)]
  0x0000023c8c711270 WorkerThread "GC Thread#2"                     [id=7204, stack(0x000000b104400000,0x000000b104500000) (1024K)]
  0x0000023c8c541270 WorkerThread "GC Thread#3"                     [id=11692, stack(0x000000b104500000,0x000000b104600000) (1024K)]
  0x0000023c8c541610 WorkerThread "GC Thread#4"                     [id=14308, stack(0x000000b104600000,0x000000b104700000) (1024K)]
  0x0000023c8c31af90 WorkerThread "GC Thread#5"                     [id=9752, stack(0x000000b104700000,0x000000b104800000) (1024K)]
  0x0000023c8c31b330 WorkerThread "GC Thread#6"                     [id=14796, stack(0x000000b104800000,0x000000b104900000) (1024K)]
  0x0000023c8c876030 WorkerThread "GC Thread#7"                     [id=4332, stack(0x000000b104a00000,0x000000b104b00000) (1024K)]
  0x0000023c8d120010 WorkerThread "GC Thread#8"                     [id=5480, stack(0x000000b104e00000,0x000000b104f00000) (1024K)]
  0x0000023c8cd477b0 WorkerThread "GC Thread#9"                     [id=19212, stack(0x000000b104f00000,0x000000b105000000) (1024K)]
Total: 12

Threads with active compile tasks:
C2 CompilerThread0  5347 6608   !   4       org.eclipse.osgi.internal.loader.BundleLoader::findClass0 (491 bytes)
C2 CompilerThread1  5347 6776       4       org.eclipse.jdt.internal.compiler.util.JrtFileSystem$2::visitFile (72 bytes)
C2 CompilerThread2  5347 7385   !   4       org.eclipse.jdt.internal.compiler.classfmt.ClassFileReader::<init> (2135 bytes)
Total: 3

VM state: not at safepoint (normal execution)

VM Mutex/Monitor currently owned by a thread: None

Heap address: 0x0000000080000000, size: 2048 MB, Compressed Oops mode: 32-bit

CDS archive(s) mapped at: [0x0000023c45000000-0x0000023c45ba0000-0x0000023c45ba0000), size 12189696, SharedBaseAddress: 0x0000023c45000000, ArchiveRelocationMode: 1.
Compressed class space mapped at: 0x0000023c46000000-0x0000023c86000000, reserved size: 1073741824
Narrow klass base: 0x0000023c45000000, Narrow klass shift: 0, Narrow klass range: 0x100000000

GC Precious Log:
 CardTable entry size: 512
 CPUs: 12 total, 12 available
 Memory: 16331M
 Large Page Support: Disabled
 NUMA Support: Disabled
 Compressed Oops: Enabled (32-bit)
 Alignments: Space 512K, Generation 512K, Heap 2M
 Heap Min Capacity: 100M
 Heap Initial Capacity: 100M
 Heap Max Capacity: 2G
 Pre-touch: Disabled
 Parallel Workers: 10

Heap:
 PSYoungGen      total 11776K, used 8346K [0x00000000d5580000, 0x00000000d6300000, 0x0000000100000000)
  eden space 9728K, 69% used [0x00000000d5580000,0x00000000d5c0e298,0x00000000d5f00000)
  from space 2048K, 79% used [0x00000000d5f00000,0x00000000d60988d0,0x00000000d6100000)
  to   space 2048K, 0% used [0x00000000d6100000,0x00000000d6100000,0x00000000d6300000)
 ParOldGen       total 105984K, used 105801K [0x0000000080000000, 0x0000000086780000, 0x00000000d5580000)
  object space 105984K, 99% used [0x0000000080000000,0x0000000086752688,0x0000000086780000)
 Metaspace       used 51548K, committed 52864K, reserved 1114112K
  class space    used 5499K, committed 6080K, reserved 1048576K

Card table byte_map: [0x0000023c2d610000,0x0000023c2da20000] _byte_map_base: 0x0000023c2d210000

Marking Bits: (ParMarkBitMap*) 0x00007ff8c73431f0
 Begin Bits: [0x0000023c40110000, 0x0000023c42110000)
 End Bits:   [0x0000023c42110000, 0x0000023c44110000)

Polling page: 0x0000023c2baa0000

Metaspace:

Usage:
  Non-class:     44.97 MB used.
      Class:      5.37 MB used.
       Both:     50.34 MB used.

Virtual space:
  Non-class space:       64.00 MB reserved,      45.69 MB ( 71%) committed,  1 nodes.
      Class space:        1.00 GB reserved,       5.94 MB ( <1%) committed,  1 nodes.
             Both:        1.06 GB reserved,      51.62 MB (  5%) committed. 

Chunk freelists:
   Non-Class:  1.97 MB
       Class:  10.05 MB
        Both:  12.02 MB

MaxMetaspaceSize: unlimited
CompressedClassSpaceSize: 1.00 GB
Initial GC threshold: 21.00 MB
Current GC threshold: 58.38 MB
CDS: on
 - commit_granule_bytes: 65536.
 - commit_granule_words: 8192.
 - virtual_space_node_default_size: 8388608.
 - enlarge_chunks_in_place: 1.
 - use_allocation_guard: 0.


Internal statistics:

num_allocs_failed_limit: 6.
num_arena_births: 1028.
num_arena_deaths: 14.
num_vsnodes_births: 2.
num_vsnodes_deaths: 0.
num_space_committed: 826.
num_space_uncommitted: 0.
num_chunks_returned_to_freelist: 20.
num_chunks_taken_from_freelist: 3414.
num_chunk_merges: 7.
num_chunk_splits: 2102.
num_chunks_enlarged: 1175.
num_inconsistent_stats: 0.

CodeHeap 'non-profiled nmethods': size=120000Kb used=3325Kb max_used=3325Kb free=116674Kb
 bounds [0x0000023c38930000, 0x0000023c38c70000, 0x0000023c3fe60000]
CodeHeap 'profiled nmethods': size=120000Kb used=14539Kb max_used=14539Kb free=105460Kb
 bounds [0x0000023c30e60000, 0x0000023c31ca0000, 0x0000023c38390000]
CodeHeap 'non-nmethods': size=5760Kb used=1396Kb max_used=1497Kb free=4364Kb
 bounds [0x0000023c38390000, 0x0000023c38600000, 0x0000023c38930000]
 total_blobs=7772 nmethods=7071 adapters=607
 compilation: enabled
              stopped_count=0, restarted_count=0
 full_count=0

Compilation events (20 events):
Event: 5.166 Thread 0x0000023c8755c460 7702       3       org.eclipse.jdt.core.compiler.CharOperation::subarray (47 bytes)
Event: 5.166 Thread 0x0000023c8755c460 nmethod 7702 0x0000023c31c79390 code [0x0000023c31c79560, 0x0000023c31c79908]
Event: 5.166 Thread 0x0000023c8755c460 7700       2       org.eclipse.core.runtime.Path::removeLastSegments (85 bytes)
Event: 5.167 Thread 0x0000023c8755c460 nmethod 7700 0x0000023c31c79a10 code [0x0000023c31c79c00, 0x0000023c31c7a040]
Event: 5.168 Thread 0x0000023c8755c460 7703       3       org.eclipse.jdt.internal.compiler.util.CharDeduplication::sharedCopyOfRange (190 bytes)
Event: 5.169 Thread 0x0000023c8755c460 nmethod 7703 0x0000023c31c7a290 code [0x0000023c31c7a5c0, 0x0000023c31c7b7f8]
Event: 5.169 Thread 0x0000023c8755c460 7704       2       java.text.MessageFormat::applyPattern (422 bytes)
Event: 5.171 Thread 0x0000023c8755c460 nmethod 7704 0x0000023c31c7bf10 code [0x0000023c31c7c1e0, 0x0000023c31c7d378]
Event: 5.171 Thread 0x0000023c8755c460 7705       3       org.eclipse.jdt.core.Signature::checkArrayDimension (92 bytes)
Event: 5.175 Thread 0x0000023c8755c460 nmethod 7705 0x0000023c31c7dd90 code [0x0000023c31c7df60, 0x0000023c31c7e300]
Event: 5.175 Thread 0x0000023c8755c460 7706       2       java.util.concurrent.locks.LockSupport::setBlocker (12 bytes)
Event: 5.175 Thread 0x0000023c8755c460 nmethod 7706 0x0000023c31c7e410 code [0x0000023c31c7e5c0, 0x0000023c31c7e6e0]
Event: 5.187 Thread 0x0000023c8755c460 7707   !   2       org.eclipse.osgi.internal.loader.classpath.ClasspathManager::findLocalResource (183 bytes)
Event: 5.187 Thread 0x0000023c8755c460 nmethod 7707 0x0000023c31c7e790 code [0x0000023c31c7ea00, 0x0000023c31c7f068]
Event: 5.187 Thread 0x0000023c8755c460 7709       3       org.eclipse.jdt.core.Signature::encodeQualifiedName (207 bytes)
Event: 5.188 Thread 0x0000023c8755c460 nmethod 7709 0x0000023c31c7f490 code [0x0000023c31c7f780, 0x0000023c31c80840]
Event: 5.188 Thread 0x0000023c8755c460 7708       2       org.eclipse.osgi.internal.loader.classpath.ClasspathManager::findLocalResourceImpl (174 bytes)
Event: 5.189 Thread 0x0000023c8755c460 nmethod 7708 0x0000023c31c80f10 code [0x0000023c31c81120, 0x0000023c31c81720]
Event: 5.190 Thread 0x0000023c8755c460 7710   !   2       java.io.File::toURI (69 bytes)
Event: 5.190 Thread 0x0000023c8755c460 nmethod 7710 0x0000023c31c81b10 code [0x0000023c31c81d60, 0x0000023c31c822c0]

GC Heap History (20 events):
Event: 4.903 GC heap before
{Heap before GC invocations=38 (full 2):
 PSYoungGen      total 16384K, used 16278K [0x00000000d5580000, 0x00000000d6b00000, 0x0000000100000000)
  eden space 13824K, 100% used [0x00000000d5580000,0x00000000d6300000,0x00000000d6300000)
  from space 2560K, 95% used [0x00000000d6300000,0x00000000d6565810,0x00000000d6580000)
  to   space 4096K, 0% used [0x00000000d6700000,0x00000000d6700000,0x00000000d6b00000)
 ParOldGen       total 74240K, used 74225K [0x0000000080000000, 0x0000000084880000, 0x00000000d5580000)
  object space 74240K, 99% used [0x0000000080000000,0x000000008487c7a0,0x0000000084880000)
 Metaspace       used 48125K, committed 49408K, reserved 1114112K
  class space    used 5090K, committed 5632K, reserved 1048576K
}
Event: 4.905 GC heap after
{Heap after GC invocations=38 (full 2):
 PSYoungGen      total 16896K, used 2914K [0x00000000d5580000, 0x00000000d6a00000, 0x0000000100000000)
  eden space 13824K, 0% used [0x00000000d5580000,0x00000000d5580000,0x00000000d6300000)
  from space 3072K, 94% used [0x00000000d6700000,0x00000000d69d8960,0x00000000d6a00000)
  to   space 3072K, 0% used [0x00000000d6400000,0x00000000d6400000,0x00000000d6700000)
 ParOldGen       total 76800K, used 76385K [0x0000000080000000, 0x0000000084b00000, 0x00000000d5580000)
  object space 76800K, 99% used [0x0000000080000000,0x0000000084a98410,0x0000000084b00000)
 Metaspace       used 48125K, committed 49408K, reserved 1114112K
  class space    used 5090K, committed 5632K, reserved 1048576K
}
Event: 4.934 GC heap before
{Heap before GC invocations=39 (full 2):
 PSYoungGen      total 16896K, used 16738K [0x00000000d5580000, 0x00000000d6a00000, 0x0000000100000000)
  eden space 13824K, 100% used [0x00000000d5580000,0x00000000d6300000,0x00000000d6300000)
  from space 3072K, 94% used [0x00000000d6700000,0x00000000d69d8960,0x00000000d6a00000)
  to   space 3072K, 0% used [0x00000000d6400000,0x00000000d6400000,0x00000000d6700000)
 ParOldGen       total 76800K, used 76385K [0x0000000080000000, 0x0000000084b00000, 0x00000000d5580000)
  object space 76800K, 99% used [0x0000000080000000,0x0000000084a98410,0x0000000084b00000)
 Metaspace       used 48553K, committed 49792K, reserved 1114112K
  class space    used 5141K, committed 5632K, reserved 1048576K
}
Event: 4.937 GC heap after
{Heap after GC invocations=39 (full 2):
 PSYoungGen      total 16896K, used 2958K [0x00000000d5580000, 0x00000000d6900000, 0x0000000100000000)
  eden space 13824K, 0% used [0x00000000d5580000,0x00000000d5580000,0x00000000d6300000)
  from space 3072K, 96% used [0x00000000d6400000,0x00000000d66e3928,0x00000000d6700000)
  to   space 2048K, 0% used [0x00000000d6700000,0x00000000d6700000,0x00000000d6900000)
 ParOldGen       total 79360K, used 79177K [0x0000000080000000, 0x0000000084d80000, 0x00000000d5580000)
  object space 79360K, 99% used [0x0000000080000000,0x0000000084d52798,0x0000000084d80000)
 Metaspace       used 48553K, committed 49792K, reserved 1114112K
  class space    used 5141K, committed 5632K, reserved 1048576K
}
Event: 4.970 GC heap before
{Heap before GC invocations=40 (full 2):
 PSYoungGen      total 16896K, used 16755K [0x00000000d5580000, 0x00000000d6900000, 0x0000000100000000)
  eden space 13824K, 99% used [0x00000000d5580000,0x00000000d62f9598,0x00000000d6300000)
  from space 3072K, 96% used [0x00000000d6400000,0x00000000d66e3928,0x00000000d6700000)
  to   space 2048K, 0% used [0x00000000d6700000,0x00000000d6700000,0x00000000d6900000)
 ParOldGen       total 79360K, used 79211K [0x0000000080000000, 0x0000000084d80000, 0x00000000d5580000)
  object space 79360K, 99% used [0x0000000080000000,0x0000000084d5ac88,0x0000000084d80000)
 Metaspace       used 49452K, committed 50752K, reserved 1114112K
  class space    used 5217K, committed 5760K, reserved 1048576K
}
Event: 4.972 GC heap after
{Heap after GC invocations=40 (full 2):
 PSYoungGen      total 14336K, used 2031K [0x00000000d5580000, 0x00000000d6e00000, 0x0000000100000000)
  eden space 12288K, 0% used [0x00000000d5580000,0x00000000d5580000,0x00000000d6180000)
  from space 2048K, 99% used [0x00000000d6700000,0x00000000d68fbc70,0x00000000d6900000)
  to   space 5632K, 0% used [0x00000000d6180000,0x00000000d6180000,0x00000000d6700000)
 ParOldGen       total 82432K, used 82122K [0x0000000080000000, 0x0000000085080000, 0x00000000d5580000)
  object space 82432K, 99% used [0x0000000080000000,0x0000000085032900,0x0000000085080000)
 Metaspace       used 49452K, committed 50752K, reserved 1114112K
  class space    used 5217K, committed 5760K, reserved 1048576K
}
Event: 4.996 GC heap before
{Heap before GC invocations=41 (full 2):
 PSYoungGen      total 14336K, used 14319K [0x00000000d5580000, 0x00000000d6e00000, 0x0000000100000000)
  eden space 12288K, 99% used [0x00000000d5580000,0x00000000d617fff0,0x00000000d6180000)
  from space 2048K, 99% used [0x00000000d6700000,0x00000000d68fbc70,0x00000000d6900000)
  to   space 5632K, 0% used [0x00000000d6180000,0x00000000d6180000,0x00000000d6700000)
 ParOldGen       total 82432K, used 82168K [0x0000000080000000, 0x0000000085080000, 0x00000000d5580000)
  object space 82432K, 99% used [0x0000000080000000,0x000000008503e208,0x0000000085080000)
 Metaspace       used 50088K, committed 51328K, reserved 1114112K
  class space    used 5307K, committed 5824K, reserved 1048576K
}
Event: 4.998 GC heap after
{Heap after GC invocations=41 (full 2):
 PSYoungGen      total 14336K, used 2012K [0x00000000d5580000, 0x00000000d6880000, 0x0000000100000000)
  eden space 12288K, 0% used [0x00000000d5580000,0x00000000d5580000,0x00000000d6180000)
  from space 2048K, 98% used [0x00000000d6180000,0x00000000d6377198,0x00000000d6380000)
  to   space 3584K, 0% used [0x00000000d6500000,0x00000000d6500000,0x00000000d6880000)
 ParOldGen       total 84480K, used 84079K [0x0000000080000000, 0x0000000085280000, 0x00000000d5580000)
  object space 84480K, 99% used [0x0000000080000000,0x000000008521bfe8,0x0000000085280000)
 Metaspace       used 50088K, committed 51328K, reserved 1114112K
  class space    used 5307K, committed 5824K, reserved 1048576K
}
Event: 5.024 GC heap before
{Heap before GC invocations=42 (full 2):
 PSYoungGen      total 14336K, used 14300K [0x00000000d5580000, 0x00000000d6880000, 0x0000000100000000)
  eden space 12288K, 100% used [0x00000000d5580000,0x00000000d6180000,0x00000000d6180000)
  from space 2048K, 98% used [0x00000000d6180000,0x00000000d6377198,0x00000000d6380000)
  to   space 3584K, 0% used [0x00000000d6500000,0x00000000d6500000,0x00000000d6880000)
 ParOldGen       total 84480K, used 84079K [0x0000000080000000, 0x0000000085280000, 0x00000000d5580000)
  object space 84480K, 99% used [0x0000000080000000,0x000000008521bfe8,0x0000000085280000)
 Metaspace       used 50399K, committed 51776K, reserved 1114112K
  class space    used 5339K, committed 5888K, reserved 1048576K
}
Event: 5.025 GC heap after
{Heap after GC invocations=42 (full 2):
 PSYoungGen      total 15360K, used 2569K [0x00000000d5580000, 0x00000000d6800000, 0x0000000100000000)
  eden space 12288K, 0% used [0x00000000d5580000,0x00000000d5580000,0x00000000d6180000)
  from space 3072K, 83% used [0x00000000d6500000,0x00000000d6782518,0x00000000d6800000)
  to   space 3072K, 0% used [0x00000000d6200000,0x00000000d6200000,0x00000000d6500000)
 ParOldGen       total 86016K, used 85894K [0x0000000080000000, 0x0000000085400000, 0x00000000d5580000)
  object space 86016K, 99% used [0x0000000080000000,0x00000000853e1b38,0x0000000085400000)
 Metaspace       used 50399K, committed 51776K, reserved 1114112K
  class space    used 5339K, committed 5888K, reserved 1048576K
}
Event: 5.050 GC heap before
{Heap before GC invocations=43 (full 2):
 PSYoungGen      total 15360K, used 14857K [0x00000000d5580000, 0x00000000d6800000, 0x0000000100000000)
  eden space 12288K, 100% used [0x00000000d5580000,0x00000000d6180000,0x00000000d6180000)
  from space 3072K, 83% used [0x00000000d6500000,0x00000000d6782518,0x00000000d6800000)
  to   space 3072K, 0% used [0x00000000d6200000,0x00000000d6200000,0x00000000d6500000)
 ParOldGen       total 86016K, used 85894K [0x0000000080000000, 0x0000000085400000, 0x00000000d5580000)
  object space 86016K, 99% used [0x0000000080000000,0x00000000853e1b38,0x0000000085400000)
 Metaspace       used 50439K, committed 51776K, reserved 1114112K
  class space    used 5340K, committed 5888K, reserved 1048576K
}
Event: 5.052 GC heap after
{Heap after GC invocations=43 (full 2):
 PSYoungGen      total 15360K, used 3010K [0x00000000d5580000, 0x00000000d6880000, 0x0000000100000000)
  eden space 12288K, 0% used [0x00000000d5580000,0x00000000d5580000,0x00000000d6180000)
  from space 3072K, 98% used [0x00000000d6200000,0x00000000d64f0ae0,0x00000000d6500000)
  to   space 3584K, 0% used [0x00000000d6500000,0x00000000d6500000,0x00000000d6880000)
 ParOldGen       total 88576K, used 88246K [0x0000000080000000, 0x0000000085680000, 0x00000000d5580000)
  object space 88576K, 99% used [0x0000000080000000,0x000000008562db00,0x0000000085680000)
 Metaspace       used 50439K, committed 51776K, reserved 1114112K
  class space    used 5340K, committed 5888K, reserved 1048576K
}
Event: 5.078 GC heap before
{Heap before GC invocations=44 (full 2):
 PSYoungGen      total 15360K, used 15298K [0x00000000d5580000, 0x00000000d6880000, 0x0000000100000000)
  eden space 12288K, 100% used [0x00000000d5580000,0x00000000d6180000,0x00000000d6180000)
  from space 3072K, 98% used [0x00000000d6200000,0x00000000d64f0ae0,0x00000000d6500000)
  to   space 3584K, 0% used [0x00000000d6500000,0x00000000d6500000,0x00000000d6880000)
 ParOldGen       total 88576K, used 88246K [0x0000000080000000, 0x0000000085680000, 0x00000000d5580000)
  object space 88576K, 99% used [0x0000000080000000,0x000000008562db00,0x0000000085680000)
 Metaspace       used 50727K, committed 52096K, reserved 1114112K
  class space    used 5375K, committed 5952K, reserved 1048576K
}
Event: 5.080 GC heap after
{Heap after GC invocations=44 (full 2):
 PSYoungGen      total 15360K, used 2601K [0x00000000d5580000, 0x00000000d6800000, 0x0000000100000000)
  eden space 12288K, 0% used [0x00000000d5580000,0x00000000d5580000,0x00000000d6180000)
  from space 3072K, 84% used [0x00000000d6500000,0x00000000d678a798,0x00000000d6800000)
  to   space 3072K, 0% used [0x00000000d6200000,0x00000000d6200000,0x00000000d6500000)
 ParOldGen       total 91136K, used 91014K [0x0000000080000000, 0x0000000085900000, 0x00000000d5580000)
  object space 91136K, 99% used [0x0000000080000000,0x00000000858e1958,0x0000000085900000)
 Metaspace       used 50727K, committed 52096K, reserved 1114112K
  class space    used 5375K, committed 5952K, reserved 1048576K
}
Event: 5.104 GC heap before
{Heap before GC invocations=45 (full 2):
 PSYoungGen      total 15360K, used 14889K [0x00000000d5580000, 0x00000000d6800000, 0x0000000100000000)
  eden space 12288K, 100% used [0x00000000d5580000,0x00000000d6180000,0x00000000d6180000)
  from space 3072K, 84% used [0x00000000d6500000,0x00000000d678a798,0x00000000d6800000)
  to   space 3072K, 0% used [0x00000000d6200000,0x00000000d6200000,0x00000000d6500000)
 ParOldGen       total 91136K, used 91014K [0x0000000080000000, 0x0000000085900000, 0x00000000d5580000)
  object space 91136K, 99% used [0x0000000080000000,0x00000000858e1958,0x0000000085900000)
 Metaspace       used 50936K, committed 52288K, reserved 1114112K
  class space    used 5395K, committed 5952K, reserved 1048576K
}
Event: 5.106 GC heap after
{Heap after GC invocations=45 (full 2):
 PSYoungGen      total 15360K, used 2756K [0x00000000d5580000, 0x00000000d6780000, 0x0000000100000000)
  eden space 12288K, 0% used [0x00000000d5580000,0x00000000d5580000,0x00000000d6180000)
  from space 3072K, 89% used [0x00000000d6200000,0x00000000d64b1128,0x00000000d6500000)
  to   space 2560K, 0% used [0x00000000d6500000,0x00000000d6500000,0x00000000d6780000)
 ParOldGen       total 93696K, used 93461K [0x0000000080000000, 0x0000000085b80000, 0x00000000d5580000)
  object space 93696K, 99% used [0x0000000080000000,0x0000000085b454d0,0x0000000085b80000)
 Metaspace       used 50936K, committed 52288K, reserved 1114112K
  class space    used 5395K, committed 5952K, reserved 1048576K
}
Event: 5.133 GC heap before
{Heap before GC invocations=46 (full 2):
 PSYoungGen      total 15360K, used 15044K [0x00000000d5580000, 0x00000000d6780000, 0x0000000100000000)
  eden space 12288K, 100% used [0x00000000d5580000,0x00000000d6180000,0x00000000d6180000)
  from space 3072K, 89% used [0x00000000d6200000,0x00000000d64b1128,0x00000000d6500000)
  to   space 2560K, 0% used [0x00000000d6500000,0x00000000d6500000,0x00000000d6780000)
 ParOldGen       total 93696K, used 93461K [0x0000000080000000, 0x0000000085b80000, 0x00000000d5580000)
  object space 93696K, 99% used [0x0000000080000000,0x0000000085b454d0,0x0000000085b80000)
 Metaspace       used 51033K, committed 52352K, reserved 1114112K
  class space    used 5406K, committed 5952K, reserved 1048576K
}
Event: 5.136 GC heap after
{Heap after GC invocations=46 (full 2):
 PSYoungGen      total 12288K, used 2556K [0x00000000d5580000, 0x00000000d6d80000, 0x0000000100000000)
  eden space 9728K, 0% used [0x00000000d5580000,0x00000000d5580000,0x00000000d5f00000)
  from space 2560K, 99% used [0x00000000d6500000,0x00000000d677f110,0x00000000d6780000)
  to   space 6144K, 0% used [0x00000000d5f00000,0x00000000d5f00000,0x00000000d6500000)
 ParOldGen       total 96768K, used 96318K [0x0000000080000000, 0x0000000085e80000, 0x00000000d5580000)
  object space 96768K, 99% used [0x0000000080000000,0x0000000085e0f948,0x0000000085e80000)
 Metaspace       used 51033K, committed 52352K, reserved 1114112K
  class space    used 5406K, committed 5952K, reserved 1048576K
}
Event: 5.171 GC heap before
{Heap before GC invocations=47 (full 2):
 PSYoungGen      total 12288K, used 12284K [0x00000000d5580000, 0x00000000d6d80000, 0x0000000100000000)
  eden space 9728K, 100% used [0x00000000d5580000,0x00000000d5f00000,0x00000000d5f00000)
  from space 2560K, 99% used [0x00000000d6500000,0x00000000d677f110,0x00000000d6780000)
  to   space 6144K, 0% used [0x00000000d5f00000,0x00000000d5f00000,0x00000000d6500000)
 ParOldGen       total 96768K, used 96318K [0x0000000080000000, 0x0000000085e80000, 0x00000000d5580000)
  object space 96768K, 99% used [0x0000000080000000,0x0000000085e0f948,0x0000000085e80000)
 Metaspace       used 51169K, committed 52416K, reserved 1114112K
  class space    used 5431K, committed 5952K, reserved 1048576K
}
Event: 5.175 GC heap after
{Heap after GC invocations=47 (full 2):
 PSYoungGen      total 12288K, used 2173K [0x00000000d5580000, 0x00000000d6600000, 0x0000000100000000)
  eden space 9728K, 0% used [0x00000000d5580000,0x00000000d5580000,0x00000000d5f00000)
  from space 2560K, 84% used [0x00000000d5f00000,0x00000000d611f488,0x00000000d6180000)
  to   space 3584K, 0% used [0x00000000d6280000,0x00000000d6280000,0x00000000d6600000)
 ParOldGen       total 99328K, used 98826K [0x0000000080000000, 0x0000000086100000, 0x00000000d5580000)
  object space 99328K, 99% used [0x0000000080000000,0x00000000860828a8,0x0000000086100000)
 Metaspace       used 51169K, committed 52416K, reserved 1114112K
  class space    used 5431K, committed 5952K, reserved 1048576K
}

Dll operation events (10 events):
Event: 0.008 Loaded shared library c:\Users\Lucas\.vscode\extensions\redhat.java-1.43.1-win32-x64\jre\21.0.7-win32-x86_64\bin\java.dll
Event: 0.059 Loaded shared library c:\Users\Lucas\.vscode\extensions\redhat.java-1.43.1-win32-x64\jre\21.0.7-win32-x86_64\bin\zip.dll
Event: 0.072 Loaded shared library C:\Users\Lucas\.vscode\extensions\redhat.java-1.43.1-win32-x64\jre\21.0.7-win32-x86_64\bin\instrument.dll
Event: 0.075 Loaded shared library C:\Users\Lucas\.vscode\extensions\redhat.java-1.43.1-win32-x64\jre\21.0.7-win32-x86_64\bin\net.dll
Event: 0.077 Loaded shared library C:\Users\Lucas\.vscode\extensions\redhat.java-1.43.1-win32-x64\jre\21.0.7-win32-x86_64\bin\nio.dll
Event: 0.080 Loaded shared library C:\Users\Lucas\.vscode\extensions\redhat.java-1.43.1-win32-x64\jre\21.0.7-win32-x86_64\bin\zip.dll
Event: 0.093 Loaded shared library C:\Users\Lucas\.vscode\extensions\redhat.java-1.43.1-win32-x64\jre\21.0.7-win32-x86_64\bin\jimage.dll
Event: 0.141 Loaded shared library c:\Users\Lucas\.vscode\extensions\redhat.java-1.43.1-win32-x64\jre\21.0.7-win32-x86_64\bin\verify.dll
Event: 1.152 Loaded shared library C:\Users\Lucas\AppData\Roaming\Code\User\globalStorage\redhat.java\1.43.1\config_win\org.eclipse.equinox.launcher\org.eclipse.equinox.launcher.win32.win32.x86_64_1.2.1300.v20250331-1702\eclipse_11911.dll
Event: 2.118 Loaded shared library C:\Users\Lucas\AppData\Local\Temp\jna-73771404\jna7186308887184246617.dll

Deoptimization events (20 events):
Event: 5.165 Thread 0x0000023c8c887020 DEOPT PACKING pc=0x0000023c38c16470 sp=0x000000b1057fe8c0
Event: 5.165 Thread 0x0000023c8c887020 DEOPT UNPACKING pc=0x0000023c383e3aa2 sp=0x000000b1057fe800 mode 2
Event: 5.165 Thread 0x0000023c8f238f90 Uncommon trap: trap_request=0xffffff45 fr.pc=0x0000023c38bb6af0 relative=0x00000000000001b0
Event: 5.165 Thread 0x0000023c8f238f90 Uncommon trap: reason=unstable_if action=reinterpret pc=0x0000023c38bb6af0 method=org.eclipse.jdt.core.compiler.CharOperation.subarray([CII)[C @ 2 c2
Event: 5.165 Thread 0x0000023c8f238f90 DEOPT PACKING pc=0x0000023c38bb6af0 sp=0x000000b106dfe3e0
Event: 5.165 Thread 0x0000023c8f238f90 DEOPT UNPACKING pc=0x0000023c383e3aa2 sp=0x000000b106dfe3a0 mode 2
Event: 5.165 Thread 0x0000023c8c887020 DEOPT PACKING pc=0x0000023c318d1daa sp=0x000000b1057fe860
Event: 5.165 Thread 0x0000023c8c887020 DEOPT UNPACKING pc=0x0000023c383e4242 sp=0x000000b1057fdde8 mode 0
Event: 5.168 Thread 0x0000023c8f238f90 Uncommon trap: trap_request=0xffffff45 fr.pc=0x0000023c389bb8dc relative=0x000000000000065c
Event: 5.168 Thread 0x0000023c8f238f90 Uncommon trap: reason=unstable_if action=reinterpret pc=0x0000023c389bb8dc method=java.util.Arrays.copyOfRange([CII)[C @ 1 c2
Event: 5.168 Thread 0x0000023c8f238f90 DEOPT PACKING pc=0x0000023c389bb8dc sp=0x000000b106dfe4a0
Event: 5.168 Thread 0x0000023c8f238f90 DEOPT UNPACKING pc=0x0000023c383e3aa2 sp=0x000000b106dfe3d8 mode 2
Event: 5.170 Thread 0x0000023c8c887020 DEOPT PACKING pc=0x0000023c31a7acd7 sp=0x000000b1057fe720
Event: 5.170 Thread 0x0000023c8c887020 DEOPT UNPACKING pc=0x0000023c383e4242 sp=0x000000b1057fdb88 mode 0
Event: 5.180 Thread 0x0000023c8c887020 DEOPT PACKING pc=0x0000023c318d1daa sp=0x000000b1057fe860
Event: 5.180 Thread 0x0000023c8c887020 DEOPT UNPACKING pc=0x0000023c383e4242 sp=0x000000b1057fdde8 mode 0
Event: 5.187 Thread 0x0000023c8c887020 DEOPT PACKING pc=0x0000023c31a7b696 sp=0x000000b1057fe690
Event: 5.187 Thread 0x0000023c8c887020 DEOPT UNPACKING pc=0x0000023c383e4242 sp=0x000000b1057fdb68 mode 0
Event: 5.196 Thread 0x0000023c8c887020 DEOPT PACKING pc=0x0000023c318d1daa sp=0x000000b1057fe860
Event: 5.196 Thread 0x0000023c8c887020 DEOPT UNPACKING pc=0x0000023c383e4242 sp=0x000000b1057fdde8 mode 0

Classes loaded (20 events):
Event: 4.851 Loading class java/lang/ProcessEnvironment$CheckedKeySet
Event: 4.851 Loading class java/lang/ProcessEnvironment$CheckedKeySet done
Event: 4.912 Loading class java/util/concurrent/CompletableFuture$AltResult
Event: 4.912 Loading class java/util/concurrent/CompletableFuture$AltResult done
Event: 4.912 Loading class java/util/concurrent/CompletableFuture$Completion
Event: 4.912 Loading class java/util/concurrent/CompletableFuture$AsynchronousCompletionTask
Event: 4.912 Loading class java/util/concurrent/CompletableFuture$AsynchronousCompletionTask done
Event: 4.912 Loading class java/util/concurrent/CompletableFuture$Completion done
Event: 4.945 Loading class sun/nio/ch/WindowsAsynchronousFileChannelImpl$WriteTask
Event: 4.945 Loading class sun/nio/ch/WindowsAsynchronousFileChannelImpl$WriteTask done
Event: 4.984 Loading class java/util/regex/Pattern$Pos
Event: 4.984 Loading class java/util/regex/Pattern$Pos done
Event: 5.001 Loading class sun/security/provider/MD5
Event: 5.001 Loading class sun/security/provider/MD5 done
Event: 5.001 Loading class sun/security/provider/ByteArrayAccess$LE
Event: 5.001 Loading class sun/security/provider/ByteArrayAccess$LE done
Event: 5.097 Loading class jdk/internal/math/FormattedFPDecimal
Event: 5.097 Loading class jdk/internal/math/FormattedFPDecimal done
Event: 5.117 Loading class java/util/concurrent/ForkJoinTask$AdaptedCallable
Event: 5.117 Loading class java/util/concurrent/ForkJoinTask$AdaptedCallable done

Classes unloaded (7 events):
Event: 2.489 Thread 0x0000023c2dc04530 Unloading class 0x0000023c461a4800 'java/lang/invoke/LambdaForm$MH+0x0000023c461a4800'
Event: 2.489 Thread 0x0000023c2dc04530 Unloading class 0x0000023c461a4400 'java/lang/invoke/LambdaForm$MH+0x0000023c461a4400'
Event: 2.489 Thread 0x0000023c2dc04530 Unloading class 0x0000023c461a4000 'java/lang/invoke/LambdaForm$MH+0x0000023c461a4000'
Event: 2.489 Thread 0x0000023c2dc04530 Unloading class 0x0000023c461a3c00 'java/lang/invoke/LambdaForm$MH+0x0000023c461a3c00'
Event: 2.489 Thread 0x0000023c2dc04530 Unloading class 0x0000023c461a3800 'java/lang/invoke/LambdaForm$BMH+0x0000023c461a3800'
Event: 2.489 Thread 0x0000023c2dc04530 Unloading class 0x0000023c461a3400 'java/lang/invoke/LambdaForm$DMH+0x0000023c461a3400'
Event: 2.489 Thread 0x0000023c2dc04530 Unloading class 0x0000023c461a2000 'java/lang/invoke/LambdaForm$DMH+0x0000023c461a2000'

Classes redefined (0 events):
No events

Internal exceptions (20 events):
Event: 4.574 Thread 0x0000023c8c880720 Exception <a 'java/lang/NoSuchMethodError'{0x00000000d5728f80}: 'java.lang.Object java.lang.invoke.Invokers$Holder.invokeExact_MT(java.lang.Object, int, java.lang.Object)'> (0x00000000d5728f80) 
thrown [s\src\hotspot\share\interpreter\linkResolver.cpp, line 773]
Event: 4.842 Thread 0x0000023c8c880720 Exception <a 'java/lang/NoClassDefFoundError'{0x00000000d57b3470}: com/google/inject/servlet/ServletModuleTargetVisitor> (0x00000000d57b3470) 
thrown [s\src\hotspot\share\classfile\systemDictionary.cpp, line 301]
Event: 4.947 Thread 0x0000023c8f238900 Exception <a 'java/lang/IncompatibleClassChangeError'{0x00000000d59c2038}: Found class java.lang.Object, but interface was expected> (0x00000000d59c2038) 
thrown [s\src\hotspot\share\interpreter\linkResolver.cpp, line 840]
Event: 5.013 Thread 0x0000023c8c880720 Exception <a 'java/lang/NoSuchMethodError'{0x00000000d5c70d50}: 'int java.lang.invoke.DirectMethodHandle$Holder.invokeSpecialIFC(java.lang.Object, java.lang.Object, java.lang.Object, java.lang.Object)'> (0x00000000d5c70d50) 
thrown [s\src\hotspot\share\interpreter\linkResolver.cpp, line 773]
Event: 5.117 Thread 0x0000023c8f238f90 Exception <a 'sun/nio/fs/WindowsException'{0x00000000d5a3e5a8}> (0x00000000d5a3e5a8) 
thrown [s\src\hotspot\share\prims\jni.cpp, line 520]
Event: 5.118 Thread 0x0000023c8f239cb0 Exception <a 'sun/nio/fs/WindowsException'{0x00000000d5b24168}> (0x00000000d5b24168) 
thrown [s\src\hotspot\share\prims\jni.cpp, line 520]
Event: 5.119 Thread 0x0000023c8f23a9d0 Exception <a 'sun/nio/fs/WindowsException'{0x00000000d5b63950}> (0x00000000d5b63950) 
thrown [s\src\hotspot\share\prims\jni.cpp, line 520]
Event: 5.119 Thread 0x0000023c8f23b060 Exception <a 'sun/nio/fs/WindowsException'{0x00000000d5ba2068}> (0x00000000d5ba2068) 
thrown [s\src\hotspot\share\prims\jni.cpp, line 520]
Event: 5.120 Thread 0x0000023c8f237be0 Exception <a 'sun/nio/fs/WindowsException'{0x00000000d5bae878}> (0x00000000d5bae878) 
thrown [s\src\hotspot\share\prims\jni.cpp, line 520]
Event: 5.120 Thread 0x0000023c8f23bd80 Exception <a 'sun/nio/fs/WindowsException'{0x00000000d5bf92c0}> (0x00000000d5bf92c0) 
thrown [s\src\hotspot\share\prims\jni.cpp, line 520]
Event: 5.120 Thread 0x0000023c8f23c410 Exception <a 'sun/nio/fs/WindowsException'{0x00000000d5c05830}> (0x00000000d5c05830) 
thrown [s\src\hotspot\share\prims\jni.cpp, line 520]
Event: 5.120 Thread 0x0000023c903f9e70 Exception <a 'sun/nio/fs/WindowsException'{0x00000000d5c11e20}> (0x00000000d5c11e20) 
thrown [s\src\hotspot\share\prims\jni.cpp, line 520]
Event: 5.120 Thread 0x0000023c8f23b6f0 Exception <a 'sun/nio/fs/WindowsException'{0x00000000d5bbb2a0}> (0x00000000d5bbb2a0) 
thrown [s\src\hotspot\share\prims\jni.cpp, line 520]
Event: 5.120 Thread 0x0000023c903fd980 Exception <a 'sun/nio/fs/WindowsException'{0x00000000d5c1e3c8}> (0x00000000d5c1e3c8) 
thrown [s\src\hotspot\share\prims\jni.cpp, line 520]
Event: 5.120 Thread 0x0000023c903fd2f0 Exception <a 'sun/nio/fs/WindowsException'{0x00000000d5c69660}> (0x00000000d5c69660) 
thrown [s\src\hotspot\share\prims\jni.cpp, line 520]
Event: 5.120 Thread 0x0000023c903fa500 Exception <a 'sun/nio/fs/WindowsException'{0x00000000d5c75c20}> (0x00000000d5c75c20) 
thrown [s\src\hotspot\share\prims\jni.cpp, line 520]
Event: 5.120 Thread 0x0000023c8f23c410 Exception <a 'sun/nio/fs/WindowsException'{0x00000000d5c06e30}> (0x00000000d5c06e30) 
thrown [s\src\hotspot\share\prims\jni.cpp, line 520]
Event: 5.120 Thread 0x0000023c903fd2f0 Exception <a 'sun/nio/fs/WindowsException'{0x00000000d5c6a690}> (0x00000000d5c6a690) 
thrown [s\src\hotspot\share\prims\jni.cpp, line 520]
Event: 5.121 Thread 0x0000023c8f23bd80 Exception <a 'sun/nio/fs/WindowsException'{0x00000000d5bfc750}> (0x00000000d5bfc750) 
thrown [s\src\hotspot\share\prims\jni.cpp, line 520]
Event: 5.123 Thread 0x0000023c903fa500 Exception <a 'sun/nio/fs/WindowsException'{0x00000000d5c799d8}> (0x00000000d5c799d8) 
thrown [s\src\hotspot\share\prims\jni.cpp, line 520]

ZGC Phase Switch (0 events):
No events

VM Operations (20 events):
Event: 4.970 Executing VM operation: ParallelGCSystemGC (GCLocker Initiated GC)
Event: 4.972 Executing VM operation: ParallelGCSystemGC (GCLocker Initiated GC) done
Event: 4.996 Executing VM operation: ParallelGCFailedAllocation (Allocation Failure)
Event: 4.998 Executing VM operation: ParallelGCFailedAllocation (Allocation Failure) done
Event: 5.024 Executing VM operation: ParallelGCFailedAllocation (Allocation Failure)
Event: 5.025 Executing VM operation: ParallelGCFailedAllocation (Allocation Failure) done
Event: 5.050 Executing VM operation: ParallelGCFailedAllocation (Allocation Failure)
Event: 5.052 Executing VM operation: ParallelGCFailedAllocation (Allocation Failure) done
Event: 5.064 Executing VM operation: HandshakeAllThreads (Deoptimize)
Event: 5.065 Executing VM operation: HandshakeAllThreads (Deoptimize) done
Event: 5.078 Executing VM operation: ParallelGCFailedAllocation (Allocation Failure)
Event: 5.080 Executing VM operation: ParallelGCFailedAllocation (Allocation Failure) done
Event: 5.104 Executing VM operation: ParallelGCFailedAllocation (Allocation Failure)
Event: 5.106 Executing VM operation: ParallelGCFailedAllocation (Allocation Failure) done
Event: 5.114 Executing VM operation: HandshakeAllThreads (Deoptimize)
Event: 5.114 Executing VM operation: HandshakeAllThreads (Deoptimize) done
Event: 5.133 Executing VM operation: ParallelGCFailedAllocation (Allocation Failure)
Event: 5.136 Executing VM operation: ParallelGCFailedAllocation (Allocation Failure) done
Event: 5.171 Executing VM operation: ParallelGCFailedAllocation (Allocation Failure)
Event: 5.175 Executing VM operation: ParallelGCFailedAllocation (Allocation Failure) done

Memory protections (0 events):
No events

Nmethod flushes (20 events):
Event: 3.413 Thread 0x0000023c2dc04530 flushing  nmethod 0x0000023c314bdf90
Event: 3.413 Thread 0x0000023c2dc04530 flushing  nmethod 0x0000023c314c0290
Event: 3.413 Thread 0x0000023c2dc04530 flushing  nmethod 0x0000023c314ca690
Event: 3.413 Thread 0x0000023c2dc04530 flushing  nmethod 0x0000023c314da910
Event: 3.413 Thread 0x0000023c2dc04530 flushing  nmethod 0x0000023c314ee910
Event: 3.413 Thread 0x0000023c2dc04530 flushing  nmethod 0x0000023c314f5710
Event: 3.413 Thread 0x0000023c2dc04530 flushing  nmethod 0x0000023c314f6a90
Event: 3.413 Thread 0x0000023c2dc04530 flushing  nmethod 0x0000023c31502c10
Event: 3.413 Thread 0x0000023c2dc04530 flushing  nmethod 0x0000023c31511110
Event: 3.413 Thread 0x0000023c2dc04530 flushing  nmethod 0x0000023c3157cc90
Event: 3.413 Thread 0x0000023c2dc04530 flushing  nmethod 0x0000023c315a1490
Event: 3.413 Thread 0x0000023c2dc04530 flushing  nmethod 0x0000023c315b4790
Event: 3.413 Thread 0x0000023c2dc04530 flushing  nmethod 0x0000023c315b4c10
Event: 3.413 Thread 0x0000023c2dc04530 flushing  nmethod 0x0000023c315b5b90
Event: 3.413 Thread 0x0000023c2dc04530 flushing  nmethod 0x0000023c315b6990
Event: 3.413 Thread 0x0000023c2dc04530 flushing  nmethod 0x0000023c315b7610
Event: 3.413 Thread 0x0000023c2dc04530 flushing  nmethod 0x0000023c315ba610
Event: 3.413 Thread 0x0000023c2dc04530 flushing  nmethod 0x0000023c315d0610
Event: 3.413 Thread 0x0000023c2dc04530 flushing  nmethod 0x0000023c315d2290
Event: 3.413 Thread 0x0000023c2dc04530 flushing  nmethod 0x0000023c315ee090

Events (20 events):
Event: 5.119 Thread 0x0000023c8f239cb0 Thread added: 0x0000023c8f23b060
Event: 5.119 Thread 0x0000023c8f23a9d0 Thread added: 0x0000023c8f237be0
Event: 5.119 Thread 0x0000023c8f23a9d0 Thread added: 0x0000023c8f23b6f0
Event: 5.119 Thread 0x0000023c8f23a9d0 Thread added: 0x0000023c8f23bd80
Event: 5.119 Thread 0x0000023c8f237be0 Thread added: 0x0000023c8f23c410
Event: 5.119 Thread 0x0000023c8f23b6f0 Thread added: 0x0000023c903f9e70
Event: 5.120 Thread 0x0000023c8f23b060 Thread added: 0x0000023c903fd980
Event: 5.120 Thread 0x0000023c8f23b060 Thread added: 0x0000023c903fb8b0
Event: 5.120 Thread 0x0000023c8f23b060 Thread added: 0x0000023c903fd2f0
Event: 5.120 Thread 0x0000023c8f23b060 Thread added: 0x0000023c903fa500
Event: 5.153 Thread 0x0000023c8f238f90 Thread added: 0x0000023c903fe010
Event: 5.153 Thread 0x0000023c8f238f90 Thread added: 0x0000023c903fab90
Event: 5.153 Thread 0x0000023c8f238f90 Thread added: 0x0000023c903fcc60
Event: 5.153 Thread 0x0000023c8f238f90 Thread added: 0x0000023c903fe6a0
Event: 5.153 Thread 0x0000023c8f238f90 Thread added: 0x0000023c903fc5d0
Event: 5.153 Thread 0x0000023c8f238f90 Thread added: 0x0000023c903fb220
Event: 5.153 Thread 0x0000023c903fe6a0 Thread added: 0x0000023c903fed30
Event: 5.153 Thread 0x0000023c903fc5d0 Thread added: 0x0000023c903ff3c0
Event: 5.154 Thread 0x0000023c903fab90 Thread added: 0x0000023c903fbf40
Event: 5.160 Thread 0x0000023c903fb220 Thread added: 0x0000023c903ffa50


Dynamic libraries:
0x00007ff7f5460000 - 0x00007ff7f546e000 	c:\Users\Lucas\.vscode\extensions\redhat.java-1.43.1-win32-x64\jre\21.0.7-win32-x86_64\bin\java.exe
0x00007ff95d160000 - 0x00007ff95d3c8000 	C:\WINDOWS\SYSTEM32\ntdll.dll
0x00007ff95bb20000 - 0x00007ff95bbe9000 	C:\WINDOWS\System32\KERNEL32.DLL
0x00007ff95a4c0000 - 0x00007ff95a8ad000 	C:\WINDOWS\System32\KERNELBASE.dll
0x00007ff95ace0000 - 0x00007ff95ae2b000 	C:\WINDOWS\System32\ucrtbase.dll
0x00007ff940720000 - 0x00007ff94073e000 	c:\Users\Lucas\.vscode\extensions\redhat.java-1.43.1-win32-x64\jre\21.0.7-win32-x86_64\bin\VCRUNTIME140.dll
0x00007ff9431a0000 - 0x00007ff9431b8000 	c:\Users\Lucas\.vscode\extensions\redhat.java-1.43.1-win32-x64\jre\21.0.7-win32-x86_64\bin\jli.dll
0x00007ff95b0f0000 - 0x00007ff95b2bc000 	C:\WINDOWS\System32\USER32.dll
0x00007ff95aed0000 - 0x00007ff95aef7000 	C:\WINDOWS\System32\win32u.dll
0x00007ff95b3c0000 - 0x00007ff95b3eb000 	C:\WINDOWS\System32\GDI32.dll
0x00007ff95a970000 - 0x00007ff95aaa7000 	C:\WINDOWS\System32\gdi32full.dll
0x00007ff93e320000 - 0x00007ff93e5ba000 	C:\WINDOWS\WinSxS\amd64_microsoft.windows.common-controls_6595b64144ccf1df_6.0.26100.4484_none_3e0e6d4ce32ef3b3\COMCTL32.dll
0x00007ff95aab0000 - 0x00007ff95ab53000 	C:\WINDOWS\System32\msvcp_win.dll
0x00007ff95b8e0000 - 0x00007ff95b989000 	C:\WINDOWS\System32\msvcrt.dll
0x00007ff95b0b0000 - 0x00007ff95b0df000 	C:\WINDOWS\System32\IMM32.DLL
0x00007ff954b80000 - 0x00007ff954b8c000 	c:\Users\Lucas\.vscode\extensions\redhat.java-1.43.1-win32-x64\jre\21.0.7-win32-x86_64\bin\vcruntime140_1.dll
0x00007ff93bfb0000 - 0x00007ff93c03d000 	c:\Users\Lucas\.vscode\extensions\redhat.java-1.43.1-win32-x64\jre\21.0.7-win32-x86_64\bin\msvcp140.dll
0x00007ff8c6690000 - 0x00007ff8c7420000 	c:\Users\Lucas\.vscode\extensions\redhat.java-1.43.1-win32-x64\jre\21.0.7-win32-x86_64\bin\server\jvm.dll
0x00007ff95b720000 - 0x00007ff95b7d4000 	C:\WINDOWS\System32\ADVAPI32.dll
0x00007ff95b470000 - 0x00007ff95b516000 	C:\WINDOWS\System32\sechost.dll
0x00007ff95b990000 - 0x00007ff95baa8000 	C:\WINDOWS\System32\RPCRT4.dll
0x00007ff95d0a0000 - 0x00007ff95d114000 	C:\WINDOWS\System32\WS2_32.dll
0x00007ff95a120000 - 0x00007ff95a17e000 	C:\WINDOWS\SYSTEM32\POWRPROF.dll
0x00007ff954610000 - 0x00007ff95461b000 	C:\WINDOWS\SYSTEM32\VERSION.dll
0x00007ff94c610000 - 0x00007ff94c645000 	C:\WINDOWS\SYSTEM32\WINMM.dll
0x00007ff95a100000 - 0x00007ff95a114000 	C:\WINDOWS\SYSTEM32\UMPDC.dll
0x00007ff959010000 - 0x00007ff95902b000 	C:\WINDOWS\SYSTEM32\kernel.appcore.dll
0x00007ff94d9d0000 - 0x00007ff94d9da000 	c:\Users\Lucas\.vscode\extensions\redhat.java-1.43.1-win32-x64\jre\21.0.7-win32-x86_64\bin\jimage.dll
0x00007ff94b850000 - 0x00007ff94ba91000 	C:\WINDOWS\SYSTEM32\DBGHELP.DLL
0x00007ff95cb30000 - 0x00007ff95ceb6000 	C:\WINDOWS\System32\combase.dll
0x00007ff95b7f0000 - 0x00007ff95b8d0000 	C:\WINDOWS\System32\OLEAUT32.dll
0x00007ff939a20000 - 0x00007ff939a63000 	C:\WINDOWS\SYSTEM32\dbgcore.DLL
0x00007ff95ae30000 - 0x00007ff95aec9000 	C:\WINDOWS\System32\bcryptPrimitives.dll
0x00007ff94d940000 - 0x00007ff94d94f000 	c:\Users\Lucas\.vscode\extensions\redhat.java-1.43.1-win32-x64\jre\21.0.7-win32-x86_64\bin\instrument.dll
0x00007ff940700000 - 0x00007ff94071f000 	c:\Users\Lucas\.vscode\extensions\redhat.java-1.43.1-win32-x64\jre\21.0.7-win32-x86_64\bin\java.dll
0x00007ff95c080000 - 0x00007ff95c7ca000 	C:\WINDOWS\System32\SHELL32.dll
0x00007ff95a2b0000 - 0x00007ff95a424000 	C:\WINDOWS\System32\wintypes.dll
0x00007ff957ed0000 - 0x00007ff95872b000 	C:\WINDOWS\SYSTEM32\windows.storage.dll
0x00007ff95cf90000 - 0x00007ff95d085000 	C:\WINDOWS\System32\SHCORE.dll
0x00007ff95bab0000 - 0x00007ff95bb1a000 	C:\WINDOWS\System32\shlwapi.dll
0x00007ff95a1c0000 - 0x00007ff95a1ef000 	C:\WINDOWS\SYSTEM32\profapi.dll
0x00007ff93cea0000 - 0x00007ff93ceb8000 	c:\Users\Lucas\.vscode\extensions\redhat.java-1.43.1-win32-x64\jre\21.0.7-win32-x86_64\bin\zip.dll
0x00007ff943cb0000 - 0x00007ff943cc0000 	C:\Users\Lucas\.vscode\extensions\redhat.java-1.43.1-win32-x64\jre\21.0.7-win32-x86_64\bin\net.dll
0x00007ff953ec0000 - 0x00007ff953fde000 	C:\WINDOWS\SYSTEM32\WINHTTP.dll
0x00007ff959580000 - 0x00007ff9595ea000 	C:\WINDOWS\system32\mswsock.dll
0x00007ff93bf90000 - 0x00007ff93bfa6000 	C:\Users\Lucas\.vscode\extensions\redhat.java-1.43.1-win32-x64\jre\21.0.7-win32-x86_64\bin\nio.dll
0x00007ff943150000 - 0x00007ff943160000 	c:\Users\Lucas\.vscode\extensions\redhat.java-1.43.1-win32-x64\jre\21.0.7-win32-x86_64\bin\verify.dll
0x00007ff935d80000 - 0x00007ff935dc5000 	C:\Users\Lucas\AppData\Roaming\Code\User\globalStorage\redhat.java\1.43.1\config_win\org.eclipse.equinox.launcher\org.eclipse.equinox.launcher.win32.win32.x86_64_1.2.1300.v20250331-1702\eclipse_11911.dll
0x00007ff95af00000 - 0x00007ff95b09e000 	C:\WINDOWS\System32\ole32.dll
0x00007ff959960000 - 0x00007ff95997b000 	C:\WINDOWS\SYSTEM32\CRYPTSP.dll
0x00007ff958f70000 - 0x00007ff958fab000 	C:\WINDOWS\system32\rsaenh.dll
0x00007ff959620000 - 0x00007ff95964b000 	C:\WINDOWS\SYSTEM32\USERENV.dll
0x00007ff95a190000 - 0x00007ff95a1b6000 	C:\WINDOWS\SYSTEM32\bcrypt.dll
0x00007ff9597c0000 - 0x00007ff9597cc000 	C:\WINDOWS\SYSTEM32\CRYPTBASE.dll
0x00007ff958a20000 - 0x00007ff958a53000 	C:\WINDOWS\SYSTEM32\IPHLPAPI.DLL
0x00007ff95cb20000 - 0x00007ff95cb2a000 	C:\WINDOWS\System32\NSI.dll
0x00007ff93aed0000 - 0x00007ff93af19000 	C:\Users\Lucas\AppData\Local\Temp\jna-73771404\jna7186308887184246617.dll
0x00007ff95b520000 - 0x00007ff95b528000 	C:\WINDOWS\System32\PSAPI.DLL
0x00007ff954090000 - 0x00007ff9540af000 	C:\WINDOWS\SYSTEM32\dhcpcsvc6.DLL
0x00007ff954060000 - 0x00007ff954085000 	C:\WINDOWS\SYSTEM32\dhcpcsvc.DLL

dbghelp: loaded successfully - version: 4.0.5 - missing functions: none
symbol engine: initialized successfully - sym options: 0x614 - pdb path: .;c:\Users\Lucas\.vscode\extensions\redhat.java-1.43.1-win32-x64\jre\21.0.7-win32-x86_64\bin;C:\WINDOWS\SYSTEM32;C:\WINDOWS\WinSxS\amd64_microsoft.windows.common-controls_6595b64144ccf1df_6.0.26100.4484_none_3e0e6d4ce32ef3b3;c:\Users\Lucas\.vscode\extensions\redhat.java-1.43.1-win32-x64\jre\21.0.7-win32-x86_64\bin\server;C:\Users\Lucas\AppData\Roaming\Code\User\globalStorage\redhat.java\1.43.1\config_win\org.eclipse.equinox.launcher\org.eclipse.equinox.launcher.win32.win32.x86_64_1.2.1300.v20250331-1702;C:\Users\Lucas\AppData\Local\Temp\jna-73771404

VM Arguments:
jvm_args: --add-modules=ALL-SYSTEM --add-opens=java.base/java.util=ALL-UNNAMED --add-opens=java.base/java.lang=ALL-UNNAMED --add-opens=java.base/sun.nio.fs=ALL-UNNAMED -Declipse.application=org.eclipse.jdt.ls.core.id1 -Dosgi.bundles.defaultStartLevel=4 -Declipse.product=org.eclipse.jdt.ls.core.product -Djava.import.generatesMetadataFilesAtProjectRoot=false -DDetectVMInstallationsJob.disabled=true -Dfile.encoding=utf8 -XX:+UseParallelGC -XX:GCTimeRatio=4 -XX:AdaptiveSizePolicyWeight=90 -Dsun.zip.disableMemoryMapping=true -Xmx2G -Xms100m -Xlog:disable -javaagent:c:\Users\Lucas\.vscode\extensions\redhat.java-1.43.1-win32-x64\lombok\lombok-1.18.39-4050.jar -XX:+HeapDumpOnOutOfMemoryError -XX:HeapDumpPath=c:\Users\Lucas\AppData\Roaming\Code\User\workspaceStorage\2f35cabc306a6e2f80c72c174bcaef54\redhat.java -Daether.dependencyCollector.impl=bf 
java_command: c:\Users\Lucas\.vscode\extensions\redhat.java-1.43.1-win32-x64\server\plugins\org.eclipse.equinox.launcher_1.7.0.v20250519-0528.jar -configuration c:\Users\Lucas\AppData\Roaming\Code\User\globalStorage\redhat.java\1.43.1\config_win -data c:\Users\Lucas\AppData\Roaming\Code\User\workspaceStorage\2f35cabc306a6e2f80c72c174bcaef54\redhat.java\jdt_ws --pipe=\\.\pipe\lsp-55a3b6bd3a19dbc57acc6ef1dcbc0ea5-sock
java_class_path (initial): c:\Users\Lucas\.vscode\extensions\redhat.java-1.43.1-win32-x64\server\plugins\org.eclipse.equinox.launcher_1.7.0.v20250519-0528.jar
Launcher Type: SUN_STANDARD

[Global flags]
    uintx AdaptiveSizePolicyWeight                 = 90                                        {product} {command line}
     intx CICompilerCount                          = 4                                         {product} {ergonomic}
    uintx GCTimeRatio                              = 4                                         {product} {command line}
     bool HeapDumpOnOutOfMemoryError               = true                                   {manageable} {command line}
    ccstr HeapDumpPath                             = c:\Users\Lucas\AppData\Roaming\Code\User\workspaceStorage\2f35cabc306a6e2f80c72c174bcaef54\redhat.java         {manageable} {command line}
   size_t InitialHeapSize                          = 104857600                                 {product} {command line}
   size_t MaxHeapSize                              = 2147483648                                {product} {command line}
   size_t MaxNewSize                               = 715653120                                 {product} {ergonomic}
   size_t MinHeapDeltaBytes                        = 524288                                    {product} {ergonomic}
   size_t MinHeapSize                              = 104857600                                 {product} {command line}
   size_t NewSize                                  = 34603008                                  {product} {ergonomic}
    uintx NonNMethodCodeHeapSize                   = 5839372                                {pd product} {ergonomic}
    uintx NonProfiledCodeHeapSize                  = 122909434                              {pd product} {ergonomic}
   size_t OldSize                                  = 70254592                                  {product} {ergonomic}
    uintx ProfiledCodeHeapSize                     = 122909434                              {pd product} {ergonomic}
    uintx ReservedCodeCacheSize                    = 251658240                              {pd product} {ergonomic}
     bool SegmentedCodeCache                       = true                                      {product} {ergonomic}
   size_t SoftMaxHeapSize                          = 2147483648                             {manageable} {ergonomic}
     bool UseCompressedOops                        = true                           {product lp64_product} {ergonomic}
     bool UseLargePagesIndividualAllocation        = false                                  {pd product} {ergonomic}
     bool UseParallelGC                            = true                                      {product} {command line}

Logging:
Log output configuration:
 #0: stdout all=off uptime,level,tags foldmultilines=false
 #1: stderr all=off uptime,level,tags foldmultilines=false

Environment Variables:
PATH=C:\WINDOWS\system32;C:\WINDOWS;C:\WINDOWS\System32\Wbem;C:\WINDOWS\System32\WindowsPowerShell\v1.0\;C:\WINDOWS\System32\OpenSSH\;C:\Program Files\Docker\Docker\resources\bin;C:\Program Files\Git\cmd;C:\Program Files\NVIDIA Corporation\NVIDIA App\NvDLISR;C:\Program Files (x86)\NVIDIA Corporation\PhysX\Common;C:\Program Files\nodejs\;C:\Users\Lucas\AppData\Local\Programs\Eclipse Adoptium\jdk-21.0.7.6-hotspot\bin;C:\Users\Lucas\AppData\Local\Microsoft\WindowsApps;C:\Users\Lucas\AppData\Local\Programs\Microsoft VS Code\bin;C:\Users\Lucas\AppData\Roaming\npm
USERNAME=Lucas
OS=Windows_NT
PROCESSOR_IDENTIFIER=AMD64 Family 23 Model 113 Stepping 0, AuthenticAMD
TMP=C:\Users\Lucas\AppData\Local\Temp
TEMP=C:\Users\Lucas\AppData\Local\Temp




Periodic native trim disabled

---------------  S Y S T E M  ---------------

OS:
 Windows 11 , 64 bit Build 26100 (10.0.26100.4484)
OS uptime: 0 days 11:36 hours
Hyper-V role detected

CPU: total 12 (initial active 12) (12 cores per cpu, 2 threads per core) family 23 model 113 stepping 0 microcode 0x8701013, cx8, cmov, fxsr, ht, mmx, 3dnowpref, sse, sse2, sse3, ssse3, sse4a, sse4.1, sse4.2, popcnt, lzcnt, tsc, tscinvbit, avx, avx2, aes, clmul, bmi1, bmi2, adx, sha, fma, vzeroupper, clflush, clflushopt, hv, rdtscp, rdpid, f16c
Processor Information for the first 12 processors :
  Max Mhz: 3793, Current Mhz: 3793, Mhz Limit: 3793

Memory: 4k page, system-wide physical 16331M (7005M free)
TotalPageFile size 32663M (AvailPageFile size 20043M)
current process WorkingSet (physical memory assigned to process): 377M, peak: 377M
current process commit charge ("private bytes"): 430M, peak: 430M

vm_info: OpenJDK 64-Bit Server VM (21.0.7+6-LTS) for windows-amd64 JRE (21.0.7+6-LTS), built on 2025-04-15T00:00:00Z by "admin" with MS VC++ 17.7 (VS2022)

END.
